This is pdfTeX, Version 3.14159265-2.6-1.40.17 (TeX Live 2016/Debian) (INITEX)  10 JUN 2017 07:49
entering extended mode
 restricted \write18 enabled.
 %&-line parsing enabled.
 encTeX v. Jun. 2004, reencoding enabled
**csplain-utf8.ini
(/usr/share/texlive/texmf-dist/tex/csplain/base/csplain-utf8.ini
(/usr/share/texlive/texmf-dist/tex/csplain/base/csplain.ini
(/usr/share/texlive/texmf-dist/tex/csplain/base/csfonts.tex)
(/usr/share/texlive/texmf-dist/tex/plain/base/plain.tex
Preloading the plain format: codes, registers,
\maxdimen=\dimen10
\hideskip=\skip10
\centering=\skip11
\p@=\dimen11
\z@=\dimen12
\z@skip=\skip12
\voidb@x=\box10
 parameters,
\smallskipamount=\skip13
\medskipamount=\skip14
\bigskipamount=\skip15
\normalbaselineskip=\skip16
\normallineskip=\skip17
\normallineskiplimit=\dimen13
\jot=\dimen14
\interdisplaylinepenalty=\count23
\interfootnotelinepenalty=\count24
 fonts, more fonts,
\itfam=\fam4
\slfam=\fam5
\bffam=\fam6
\ttfam=\fam7

macros,
\strutbox=\box11
\mscount=\count25
\tabs=\box12
\tabsyet=\box13
\tabsdone=\box14
 math definitions,
\rootbox=\box15
\p@renwd=\dimen15
 output routines,
\headline=\toks10
\footline=\toks11
\footins=\insert254
\topins=\insert253
 hyphenation
(/usr/share/texlive/texmf-dist/tex/generic/hyphen/hyphen.tex))
(/usr/share/texlive/texmf-dist/tex/csplain/base/csfontsm.tex)
(/usr/share/texlive/texmf-dist/tex/csplain/base/etex-mac.tex
\marks@count=\count26
)
(/usr/share/texlive/texmf-dist/tex/csplain/base/il2code.tex
Font encoding set to ISO-8859-2.)
(/usr/share/texlive/texmf-dist/tex/csplain/base/hyphen.lan
\numpatterns=\count27

eTeX's \savinghyphcodes detected - \lccode settings per pattern are saved.
Loading US English hyphenation patterns in ASCII encoding, \enPatt=0 (en).
(/usr/share/texlive/texmf-dist/tex/csplain/base/hyphen.ex
Enhyphex.tex English exception words.)
Loading Czech hyphenation patterns in ISO-8859-2 encoding, \csILtwo=5 (cs).
(/usr/share/texlive/texmf-dist/tex/csplain/base/czhyphen.tex)
(/usr/share/texlive/texmf-dist/tex/csplain/base/czhyphen.ex)
Loading Slovak hyphenation patterns in ISO-8859-2 encoding, \skILtwo=6 (sk).
(/usr/share/texlive/texmf-dist/tex/csplain/base/skhyphen.tex)
(/usr/share/texlive/texmf-dist/tex/csplain/base/skhyphen.ex)
Loading Czech hyphenation patterns in Cork encoding, \csCork=15 (cs).
(/usr/share/texlive/texmf-dist/tex/csplain/base/t1code.tex
Font encoding set to Cork.)
(/usr/share/texlive/texmf-dist/tex/csplain/base/czhyphen.tex)
(/usr/share/texlive/texmf-dist/tex/csplain/base/czhyphen.ex)
Loading Slovak hyphenation patterns in Cork encoding, \skCork=16 (sk).
(/usr/share/texlive/texmf-dist/tex/csplain/base/t1code.tex
Font encoding set to Cork.)
(/usr/share/texlive/texmf-dist/tex/csplain/base/skhyphen.tex)
(/usr/share/texlive/texmf-dist/tex/csplain/base/skhyphen.ex)
5 patterns preloaded: \enPatt =0 \csILtwo =5 \skILtwo =6 \csCork =15 \skCork =1
6  Defaults: \language=0, \cmaccents, \nonfrenchspacing,
ISO-8859-2 font encoding)
(/usr/share/texlive/texmf-dist/tex/csplain/base/plaina4.tex
\hsize=159.2 mm \vsize=239.2 mm)
(/usr/share/texlive/texmf-dist/tex/csplain/base/csenc-u.tex
(/usr/share/texlive/texmf-dist/tex/generic/enctex/utf8unkn.tex))
jobname=non-pdf, DVI output initialised. ) )
Beginning to dump on file csplain.fmt
 (preloaded format=csplain 2017.6.10)
3131 strings of total length 45733
9195 memory locations dumped; current usage is 116&7970
1413 multiletter control sequences
\font\nullfont=nullfont
\font\tenrm=csr10
\font\sevenrm=csr7
\font\fiverm=csr5
\font\teni=cmmi10
\font\seveni=cmmi7
\font\fivei=cmmi5
\font\tensy=cmsy10
\font\sevensy=cmsy7
\font\fivesy=cmsy5
\font\tenex=cmex10
\font\tenbf=csbx10
\font\sevenbf=csbx7
\font\fivebf=csbx5
\font\tentt=cstt10
\font\tensl=cssl10
\font\tenit=csti10
\font\tenbi=csbxti10
7624 words of font info for 17 preloaded fonts
37 hyphenation exceptions
Hyphenation trie of length 18892 has 803 ops out of 35111
  248 for language 16
  63 for language 15
  248 for language 6
  63 for language 5
  181 for language 0
0 words of pdfTeX memory
0 indirect objects
No pages of output.
