This is pdfTeX, Version 3.14159265-2.6-1.40.17 (TeX Live 2016/Debian) (INITEX)  10 JUN 2017 07:49
entering extended mode
 restricted \write18 enabled.
 %&-line parsing enabled.
 (/usr/share/texlive/texmf-dist/web2c/cp227.tcx)
***pdfetex.ini
(/usr/share/texlive/texmf-dist/tex/plain/config/pdfetex.ini
(/var/lib/texmf/tex/generic/config/pdftexconfig.tex)
(/usr/share/texlive/texmf-dist/tex/plain/etex/etex.src
(/usr/share/texlive/texmf-dist/tex/plain/base/plain.tex
Preloading the plain format: codes, registers,
\maxdimen=\dimen10
\hideskip=\skip10
\centering=\skip11
\p@=\dimen11
\z@=\dimen12
\z@skip=\skip12
\voidb@x=\box10
 parameters,
\smallskipamount=\skip13
\medskipamount=\skip14
\bigskipamount=\skip15
\normalbaselineskip=\skip16
\normallineskip=\skip17
\normallineskiplimit=\dimen13
\jot=\dimen14
\interdisplaylinepenalty=\count23
\interfootnotelinepenalty=\count24
 fonts, more fonts,
\itfam=\fam4
\slfam=\fam5
\bffam=\fam6
\ttfam=\fam7

macros,
\strutbox=\box11
\mscount=\count25
\tabs=\box12
\tabsyet=\box13
\tabsdone=\box14
 math definitions,
\rootbox=\box15
\p@renwd=\dimen15
 output routines,
\headline=\toks10
\footline=\toks11
\footins=\insert254
\topins=\insert253
 hyphenation
(/usr/share/texlive/texmf-dist/tex/generic/hyphen/hyphen.tex
[skipping from \patterns to end-of-file...]))
\et@xinput=\read0
\et@xtoks=\toks12

(/usr/share/texlive/texmf-dist/tex/plain/etex/etexdefs.lib
Skipping module "grouptypes"; Loading module "interactionmodes";
Skipping module "nodetypes"; Skipping module "iftypes";)
(/var/lib/texmf/tex/generic/config/language.def
\lang@USenglish=\language0

(/usr/share/texlive/texmf-dist/tex/generic/hyphen/hyphen.tex)
\lang@bokmal=\language1

(/usr/share/texlive/texmf-dist/tex/generic/hyph-utf8/loadhyph/loadhyph-nb.tex
EC Norwegian Bokmal hyphenation patterns
(/usr/share/texlive/texmf-dist/tex/generic/hyph-utf8/conversions/conv-utf8-ec.t
ex)
(/usr/share/texlive/texmf-dist/tex/generic/hyph-utf8/patterns/tex/hyph-nb.tex
(/usr/share/texlive/texmf-dist/tex/generic/hyph-utf8/patterns/tex/hyph-no.tex))
)
\lang@friulan=\language2

(/usr/share/texlive/texmf-dist/tex/generic/hyph-utf8/loadhyph/loadhyph-fur.tex
EC Friulan hyphenation patterns
(/usr/share/texlive/texmf-dist/tex/generic/hyph-utf8/conversions/conv-utf8-ec.t
ex)
(/usr/share/texlive/texmf-dist/tex/generic/hyph-utf8/patterns/tex/hyph-fur.tex)
)
\lang@german=\language3

(/usr/share/texlive/texmf-dist/tex/generic/hyph-utf8/loadhyph/loadhyph-de-1901.
tex EC German hyphenation patterns (traditional orthography)
(/usr/share/texlive/texmf-dist/tex/generic/hyphen/dehypht.tex
German Traditional Hyphenation Patterns `dehypht' Version 3.2a <1999/03/03>
(Formerly known under the name `ghyph31' and `ghyphen'.)))
\lang@icelandic=\language4

(/usr/share/texlive/texmf-dist/tex/generic/hyph-utf8/loadhyph/loadhyph-is.tex
EC Icelandic hyphenation patterns
(/usr/share/texlive/texmf-dist/tex/generic/hyph-utf8/conversions/conv-utf8-ec.t
ex)
(/usr/share/texlive/texmf-dist/tex/generic/hyph-utf8/patterns/tex/hyph-is.tex))
\lang@spanish=\language5
(/usr/share/texlive/texmf-dist/tex/generic/hyph-utf8/loadhyph/loadhyph-es.tex
EC Spanish hyphenation patterns
(/usr/share/texlive/texmf-dist/tex/generic/hyph-utf8/conversions/conv-utf8-ec.t
ex)
(/usr/share/texlive/texmf-dist/tex/generic/hyph-utf8/patterns/tex/hyph-es.tex))
\lang@russian=\language6
(/usr/share/texlive/texmf-dist/tex/generic/hyph-utf8/loadhyph/loadhyph-ru.tex
T2A Russian hyphenation patterns
(/usr/share/texlive/texmf-dist/tex/generic/ruhyphen/ruhyphen.tex
(/usr/share/texlive/texmf-dist/tex/generic/ruhyphen/catkoi.tex)
(/usr/share/texlive/texmf-dist/tex/generic/ruhyphen/koi2t2a.tex)
(/usr/share/texlive/texmf-dist/tex/generic/ruhyphen/ruhyphal.tex)
(/usr/share/texlive/texmf-dist/tex/generic/ruhyphen/cyryoal.tex)
(/usr/share/texlive/texmf-dist/tex/generic/ruhyphen/hypht2.tex)))
\lang@usenglishmax=\language7

(/usr/share/texlive/texmf-dist/tex/generic/hyph-utf8/loadhyph/loadhyph-en-us.te
x ASCII Hyphenation patterns for American English
(/usr/share/texlive/texmf-dist/tex/generic/hyph-utf8/patterns/tex/hyph-en-us.te
x))
\lang@ukrainian=\language8

(/usr/share/texlive/texmf-dist/tex/generic/hyph-utf8/loadhyph/loadhyph-uk.tex
T2A Ukrainian hyphenation patterns
(/usr/share/texlive/texmf-dist/tex/generic/ukrhyph/ukrhyph.tex
Ukrainian hyphenation patterns in t2a encoding
(/usr/share/texlive/texmf-dist/tex/generic/ukrhyph/catlcy.tex)
(/usr/share/texlive/texmf-dist/tex/generic/ukrhyph/lcy2t2a.tex)
(/usr/share/texlive/texmf-dist/tex/generic/ukrhyph/ukrhypmp.tex)
(/usr/share/texlive/texmf-dist/tex/generic/ruhyphen/hypht2.tex)))
\lang@esperanto=\language9

(/usr/share/texlive/texmf-dist/tex/generic/hyph-utf8/loadhyph/loadhyph-eo.tex
IL3 Esperanto hyphenation patterns
(/usr/share/texlive/texmf-dist/tex/generic/hyph-utf8/conversions/conv-utf8-il3.
tex)
(/usr/share/texlive/texmf-dist/tex/generic/hyph-utf8/patterns/tex/hyph-eo.tex))
\lang@occitan=\language10
(/usr/share/texlive/texmf-dist/tex/generic/hyph-utf8/loadhyph/loadhyph-oc.tex
EC Occitan hyphenation patterns
(/usr/share/texlive/texmf-dist/tex/generic/hyph-utf8/conversions/conv-utf8-ec.t
ex)
(/usr/share/texlive/texmf-dist/tex/generic/hyph-utf8/patterns/tex/hyph-oc.tex))
\lang@bulgarian=\language11
(/usr/share/texlive/texmf-dist/tex/generic/hyph-utf8/loadhyph/loadhyph-bg.tex
T2A Bulgarian hyphenation patterns
(/usr/share/texlive/texmf-dist/tex/generic/hyph-utf8/conversions/conv-utf8-t2a.
tex)
(/usr/share/texlive/texmf-dist/tex/generic/hyph-utf8/patterns/tex/hyph-bg.tex))
\lang@turkmen=\language12
(/usr/share/texlive/texmf-dist/tex/generic/hyph-utf8/loadhyph/loadhyph-tk.tex
EC Turkmen hyphenation patterns
(/usr/share/texlive/texmf-dist/tex/generic/hyph-utf8/conversions/conv-utf8-ec.t
ex)
(/usr/share/texlive/texmf-dist/tex/generic/hyph-utf8/patterns/tex/hyph-tk.tex))
\lang@classiclatin=\language13

(/usr/share/texlive/texmf-dist/tex/generic/hyph-utf8/loadhyph/loadhyph-la-x-cla
ssic.tex ASCII Classical Latin hyphenation patterns
(/usr/share/texlive/texmf-dist/tex/generic/hyph-utf8/patterns/tex/hyph-la-x-cla
ssic.tex))
\lang@slovak=\language14

(/usr/share/texlive/texmf-dist/tex/generic/hyph-utf8/loadhyph/loadhyph-sk.tex
EC Slovak hyphenation patterns (Jana Chlebikova, 1992)
(/usr/share/texlive/texmf-dist/tex/generic/hyph-utf8/conversions/conv-utf8-ec.t
ex)
(/usr/share/texlive/texmf-dist/tex/generic/hyph-utf8/patterns/tex/hyph-sk.tex))
\lang@ngerman=\language15

(/usr/share/texlive/texmf-dist/tex/generic/hyph-utf8/loadhyph/loadhyph-de-1996.
tex EC German hyphenation patterns (reformed orthography)
(/usr/share/texlive/texmf-dist/tex/generic/hyphen/dehyphn.tex
New German Hyphenation Patterns `dehyphn' Rev.31 <2001-05-07> (WaS)))
\lang@kurmanji=\language16

(/usr/share/texlive/texmf-dist/tex/generic/hyph-utf8/loadhyph/loadhyph-kmr.tex
EC Kurmanji hyphenation patterns (v. 1.0 2009/06/29 JKn and MSh)
(/usr/share/texlive/texmf-dist/tex/generic/hyph-utf8/conversions/conv-utf8-ec.t
ex)
(/usr/share/texlive/texmf-dist/tex/generic/hyph-utf8/patterns/tex/hyph-kmr.tex)
)
\lang@lithuanian=\language17
 (/usr/share/texlive/texmf-dist/tex/generic/hyph-utf8/loadhyph/loadhyph-lt.tex 
L7X Lithuanian hyphenation patterns
(/usr/share/texlive/texmf-dist/tex/generic/hyph-utf8/conversions/conv-utf8-l7x.
tex)
(/usr/share/texlive/texmf-dist/tex/generic/hyph-utf8/patterns/tex/hyph-lt.tex))
\lang@arabic=\language18
(/usr/share/texlive/texmf-dist/tex/generic/hyphen/zerohyph.tex)
\lang@mongolian=\language19

(/usr/share/texlive/texmf-dist/tex/generic/hyph-utf8/loadhyph/loadhyph-mn-cyrl.
tex T2A (New) Mongolian hyphenation patterns
(/usr/share/texlive/texmf-dist/tex/generic/hyph-utf8/conversions/conv-utf8-t2a.
tex)
(/usr/share/texlive/texmf-dist/tex/generic/hyph-utf8/patterns/tex/hyph-mn-cyrl.
tex))
\lang@romansh=\language20

(/usr/share/texlive/texmf-dist/tex/generic/hyph-utf8/loadhyph/loadhyph-rm.tex
ASCII Romansh hyphenation patterns
(/usr/share/texlive/texmf-dist/tex/generic/hyph-utf8/patterns/tex/hyph-rm.tex))
\lang@danish=\language21
(/usr/share/texlive/texmf-dist/tex/generic/hyph-utf8/loadhyph/loadhyph-da.tex
EC Danish hyphenation patterns
(/usr/share/texlive/texmf-dist/tex/generic/hyph-utf8/conversions/conv-utf8-ec.t
ex)
(/usr/share/texlive/texmf-dist/tex/generic/hyph-utf8/patterns/tex/hyph-da.tex))
\lang@interlingua=\language22
(/usr/share/texlive/texmf-dist/tex/generic/hyph-utf8/loadhyph/loadhyph-ia.tex
ASCII Hyphenation patterns for Interlingua
(/usr/share/texlive/texmf-dist/tex/generic/hyph-utf8/patterns/tex/hyph-ia.tex))
\lang@turkish=\language23
(/usr/share/texlive/texmf-dist/tex/generic/hyph-utf8/loadhyph/loadhyph-tr.tex
EC Turkish hyphenation patterns
(/usr/share/texlive/texmf-dist/tex/generic/hyph-utf8/conversions/conv-utf8-ec.t
ex)
(/usr/share/texlive/texmf-dist/tex/generic/hyph-utf8/patterns/tex/hyph-tr.tex))
\lang@hungarian=\language24
(/usr/share/texlive/texmf-dist/tex/generic/hyph-utf8/loadhyph/loadhyph-hu.tex
EC Hungarian hyphenation patterns (v20110815)
(/usr/share/texlive/texmf-dist/tex/generic/hyph-utf8/conversions/conv-utf8-ec.t
ex)
(/usr/share/texlive/texmf-dist/tex/generic/hyph-utf8/patterns/tex/hyph-hu.tex
Huhyphn - hungarian hyphenation patterns v20110815))
\lang@irish=\language25

(/usr/share/texlive/texmf-dist/tex/generic/hyph-utf8/loadhyph/loadhyph-ga.tex
EC Irish hyphenation patterns
(/usr/share/texlive/texmf-dist/tex/generic/hyph-utf8/conversions/conv-utf8-ec.t
ex)
(/usr/share/texlive/texmf-dist/tex/generic/hyph-utf8/patterns/tex/hyph-ga.tex))
\lang@serbian=\language26

(/usr/share/texlive/texmf-dist/tex/generic/hyph-utf8/loadhyph/loadhyph-sr-latn.
tex EC Serbian hyphenation patterns in Latin script
(/usr/share/texlive/texmf-dist/tex/generic/hyph-utf8/conversions/conv-utf8-ec.t
ex)
(/usr/share/texlive/texmf-dist/tex/generic/hyph-utf8/patterns/tex/hyph-sh-latn.
tex))
\lang@german-x-2014-05-21=\language27

(/usr/share/texlive/texmf-dist/tex/generic/dehyph-exptl/dehypht-x-2014-05-21.te
x dehyph-exptl: using an 8-bit TeX engine.
(/usr/share/texlive/texmf-dist/tex/generic/dehyph-exptl/dehypht-x-2014-05-21.pa
t
German Hyphenation Patterns (Traditional Orthography) `dehypht-x' 2014-05-21 (W
L)))
\lang@ancientgreek=\language28

(/usr/share/texlive/texmf-dist/tex/generic/hyph-utf8/loadhyph/loadhyph-grc.tex
Hyphenation patterns for Ancient Greek
(/usr/share/texlive/texmf-dist/tex/generic/hyphen/grahyph5.tex
Hyphenation patterns for Ancient Greek))
\lang@czech=\language29

(/usr/share/texlive/texmf-dist/tex/generic/hyph-utf8/loadhyph/loadhyph-cs.tex
EC Czech hyphenation patterns (Pavel Sevecek, v3, 1995)
(/usr/share/texlive/texmf-dist/tex/generic/hyph-utf8/conversions/conv-utf8-ec.t
ex)
(/usr/share/texlive/texmf-dist/tex/generic/hyph-utf8/patterns/tex/hyph-cs.tex))
\lang@coptic=\language30
(/usr/share/texlive/texmf-dist/tex/generic/hyph-utf8/loadhyph/loadhyph-cop.tex
Coptic hyphenation patterns
(/usr/share/texlive/texmf-dist/tex/generic/hyph-utf8/patterns/tex-8bit/copthyph
.tex))
\lang@pinyin=\language31

(/usr/share/texlive/texmf-dist/tex/generic/hyph-utf8/loadhyph/loadhyph-zh-latn-
pinyin.tex EC Hyphenation patterns for unaccented pinyin syllables (CJK 4.8.0)
(/usr/share/texlive/texmf-dist/tex/generic/hyph-utf8/conversions/conv-utf8-ec.t
ex)
(/usr/share/texlive/texmf-dist/tex/generic/hyph-utf8/patterns/tex/hyph-zh-latn-
pinyin.tex))
\lang@estonian=\language32

(/usr/share/texlive/texmf-dist/tex/generic/hyph-utf8/loadhyph/loadhyph-et.tex
EC Estonian hyphenation patterns
(/usr/share/texlive/texmf-dist/tex/generic/hyph-utf8/conversions/conv-utf8-ec.t
ex)
(/usr/share/texlive/texmf-dist/tex/generic/hyph-utf8/patterns/tex/hyph-et.tex))
\lang@french=\language33
(/usr/share/texlive/texmf-dist/tex/generic/hyph-utf8/loadhyph/loadhyph-fr.tex
EC French hyphenation patterns
(/usr/share/texlive/texmf-dist/tex/generic/hyph-utf8/conversions/conv-utf8-ec.t
ex)
(/usr/share/texlive/texmf-dist/tex/generic/hyph-utf8/patterns/tex/hyph-fr.tex))
\lang@latin=\language34
(/usr/share/texlive/texmf-dist/tex/generic/hyph-utf8/loadhyph/loadhyph-la.tex
EC Latin hyphenation patterns
(/usr/share/texlive/texmf-dist/tex/generic/hyph-utf8/conversions/conv-utf8-ec.t
ex)
(/usr/share/texlive/texmf-dist/tex/generic/hyph-utf8/patterns/tex/hyph-la.tex))
\lang@armenian=\language35
(/usr/share/texlive/texmf-dist/tex/generic/hyph-utf8/loadhyph/loadhyph-hy.tex
No Armenian hyphenation patterns - only for Unicode engines)
\lang@panjabi=\language36

(/usr/share/texlive/texmf-dist/tex/generic/hyph-utf8/loadhyph/loadhyph-pa.tex
No Panjabi hyphenation patterns - only for Unicode engines)
\lang@catalan=\language37

(/usr/share/texlive/texmf-dist/tex/generic/hyph-utf8/loadhyph/loadhyph-ca.tex
EC Catalan hyphenation patterns
(/usr/share/texlive/texmf-dist/tex/generic/hyph-utf8/conversions/conv-utf8-ec.t
ex)
(/usr/share/texlive/texmf-dist/tex/generic/hyph-utf8/patterns/tex/hyph-ca.tex))
\lang@farsi=\language38
(/usr/share/texlive/texmf-dist/tex/generic/hyphen/zerohyph.tex)
\lang@gujarati=\language39

(/usr/share/texlive/texmf-dist/tex/generic/hyph-utf8/loadhyph/loadhyph-gu.tex
No Gujarati hyphenation patterns - only for Unicode engines)
\lang@ethiopic=\language40

(/usr/share/texlive/texmf-dist/tex/generic/hyph-utf8/loadhyph/loadhyph-mul-ethi
.tex No Pan-Ethiopic hyphenation patterns - only for Unicode engines)
\lang@hindi=\language41

(/usr/share/texlive/texmf-dist/tex/generic/hyph-utf8/loadhyph/loadhyph-hi.tex
No Hindi hyphenation patterns - only for Unicode engines)
\lang@ibycus=\language42

(/usr/share/texlive/texmf-dist/tex/generic/hyphen/ibyhyph.tex
Greek hyphenation patterns for Ibycus encoding, v3.0)
\lang@bengali=\language43

(/usr/share/texlive/texmf-dist/tex/generic/hyph-utf8/loadhyph/loadhyph-bn.tex
No Bengali hyphenation patterns - only for Unicode engines)
\lang@serbianc=\language44

(/usr/share/texlive/texmf-dist/tex/generic/hyph-utf8/loadhyph/loadhyph-sr-cyrl.
tex T2A Serbian hyphenation patterns in Cyrillic script
(/usr/share/texlive/texmf-dist/tex/generic/hyph-utf8/conversions/conv-utf8-t2a.
tex)
(/usr/share/texlive/texmf-dist/tex/generic/hyph-utf8/patterns/tex/hyph-sh-cyrl.
tex))
\lang@thai=\language45

(/usr/share/texlive/texmf-dist/tex/generic/hyph-utf8/loadhyph/loadhyph-th.tex
LTH Thai hyphenation patterns
(/usr/share/texlive/texmf-dist/tex/generic/hyph-utf8/conversions/conv-utf8-lth.
tex)
(/usr/share/texlive/texmf-dist/tex/generic/hyph-utf8/patterns/tex/hyph-th.tex))
\lang@greek=\language46

(/usr/share/texlive/texmf-dist/tex/generic/hyph-utf8/loadhyph/loadhyph-el-polyt
on.tex Hyphenation patterns for multi-accent (polytonic) Modern Greek
(/usr/share/texlive/texmf-dist/tex/generic/hyphen/grphyph5.tex
Hyphenation patterns for multi-accent (polytonic) Modern Greek))
\lang@afrikaans=\language47

(/usr/share/texlive/texmf-dist/tex/generic/hyph-utf8/loadhyph/loadhyph-af.tex
EC Afrikaans hyphenation patterns
(/usr/share/texlive/texmf-dist/tex/generic/hyph-utf8/conversions/conv-utf8-ec.t
ex)
(/usr/share/texlive/texmf-dist/tex/generic/hyph-utf8/patterns/tex/hyph-af.tex))
\lang@indonesian=\language48
(/usr/share/texlive/texmf-dist/tex/generic/hyph-utf8/loadhyph/loadhyph-id.tex
ASCII Indonesian hyphenation patterns
(/usr/share/texlive/texmf-dist/tex/generic/hyph-utf8/patterns/tex/hyph-id.tex))
\lang@churchslavonic=\language49
(/usr/share/texlive/texmf-dist/tex/generic/hyph-utf8/loadhyph/loadhyph-cu.tex
No Church Slavonic hyphenation patterns - only for Unicode engines)
\lang@galician=\language50

(/usr/share/texlive/texmf-dist/tex/generic/hyph-utf8/loadhyph/loadhyph-gl.tex
EC Galician hyphenation patterns
(/usr/share/texlive/texmf-dist/tex/generic/hyph-utf8/conversions/conv-utf8-ec.t
ex)
(/usr/share/texlive/texmf-dist/tex/generic/hyph-utf8/patterns/tex/hyph-gl.tex))
\lang@finnish=\language51
(/usr/share/texlive/texmf-dist/tex/generic/hyph-utf8/loadhyph/loadhyph-fi.tex
EC Finnish hyphenation patterns
(/usr/share/texlive/texmf-dist/tex/generic/hyph-utf8/conversions/conv-utf8-ec.t
ex)
(/usr/share/texlive/texmf-dist/tex/generic/hyph-utf8/patterns/tex/hyph-fi.tex))
\lang@marathi=\language52
(/usr/share/texlive/texmf-dist/tex/generic/hyph-utf8/loadhyph/loadhyph-mr.tex
No Marathi hyphenation patterns - only for Unicode engines)
\lang@basque=\language53

(/usr/share/texlive/texmf-dist/tex/generic/hyph-utf8/loadhyph/loadhyph-eu.tex
EC Basque hyphenation patterns
(/usr/share/texlive/texmf-dist/tex/generic/hyph-utf8/conversions/conv-utf8-ec.t
ex)
(/usr/share/texlive/texmf-dist/tex/generic/hyph-utf8/patterns/tex/hyph-eu.tex))
\lang@monogreek=\language54

(/usr/share/texlive/texmf-dist/tex/generic/hyph-utf8/loadhyph/loadhyph-el-monot
on.tex Hyphenation patterns for uni-accent (monotonic) Modern Greek
(/usr/share/texlive/texmf-dist/tex/generic/hyphen/grmhyph5.tex
Hyphenation patterns for uni-accent (monotonic) Modern Greek))
\lang@uppersorbian=\language55

(/usr/share/texlive/texmf-dist/tex/generic/hyph-utf8/loadhyph/loadhyph-hsb.tex
EC Upper Sorbian hyphenation patterns (E. Werner)
(/usr/share/texlive/texmf-dist/tex/generic/hyph-utf8/conversions/conv-utf8-ec.t
ex)
(/usr/share/texlive/texmf-dist/tex/generic/hyph-utf8/patterns/tex/hyph-hsb.tex)
)
\lang@malayalam=\language56
 (/usr/share/texlive/texmf-dist/tex/generic/hyph-utf8/loadhyph/loadhyph-ml.tex 
No Malayalam hyphenation patterns - only for Unicode engines)
\lang@mongolianlmc=\language57

(/usr/share/texlive/texmf-dist/tex/generic/hyph-utf8/loadhyph/loadhyph-mn-cyrl-
x-lmc.tex LMC Mongolian hyphenation patterns
(/usr/share/texlive/texmf-dist/tex/generic/hyph-utf8/conversions/conv-utf8-lmc.
tex)
(/usr/share/texlive/texmf-dist/tex/generic/hyph-utf8/patterns/tex/hyph-mn-cyrl-
x-lmc.tex))
\lang@ngerman-x-2014-05-21=\language58

(/usr/share/texlive/texmf-dist/tex/generic/dehyph-exptl/dehyphn-x-2014-05-21.te
x dehyph-exptl: using an 8-bit TeX engine.
(/usr/share/texlive/texmf-dist/tex/generic/dehyph-exptl/dehyphn-x-2014-05-21.pa
t
German Hyphenation Patterns (Reformed Orthography, 2006) `dehyphn-x' 2014-05-21
 (WL)))
\lang@swissgerman=\language59

(/usr/share/texlive/texmf-dist/tex/generic/hyph-utf8/loadhyph/loadhyph-de-ch-19
01.tex EC Swiss-German hyphenation patterns (traditional orthography)
(/usr/share/texlive/texmf-dist/tex/generic/hyph-utf8/conversions/conv-utf8-ec.t
ex)
(/usr/share/texlive/texmf-dist/tex/generic/hyph-utf8/patterns/tex/hyph-de-ch-19
01.tex
Swiss-German Hyphenation Patterns (Traditional Orthography) `dehyphts-x' 2014-0
5-21 (WL)))
\lang@polish=\language60

(/usr/share/texlive/texmf-dist/tex/generic/hyph-utf8/loadhyph/loadhyph-pl.tex
QX Polish hyphenation patterns
(/usr/share/texlive/texmf-dist/tex/generic/hyph-utf8/conversions/conv-utf8-qx.t
ex)
(/usr/share/texlive/texmf-dist/tex/generic/hyph-utf8/patterns/tex/hyph-pl.tex))
\lang@liturgicallatin=\language61

(/usr/share/texlive/texmf-dist/tex/generic/hyph-utf8/loadhyph/loadhyph-la-x-lit
urgic.tex EC Liturgical Latin hyphenation patterns
(/usr/share/texlive/texmf-dist/tex/generic/hyph-utf8/patterns/ptex/hyph-la-x-li
turgic.ec.tex))
\lang@assamese=\language62

(/usr/share/texlive/texmf-dist/tex/generic/hyph-utf8/loadhyph/loadhyph-as.tex
No Assamese hyphenation patterns - only for Unicode engines)
\lang@tamil=\language63

(/usr/share/texlive/texmf-dist/tex/generic/hyph-utf8/loadhyph/loadhyph-ta.tex
No Tamil hyphenation patterns - only for Unicode engines)
\lang@dutch=\language64

(/usr/share/texlive/texmf-dist/tex/generic/hyph-utf8/loadhyph/loadhyph-nl.tex
EC Dutch hyphenation patterns
(/usr/share/texlive/texmf-dist/tex/generic/hyph-utf8/conversions/conv-utf8-ec.t
ex)
(/usr/share/texlive/texmf-dist/tex/generic/hyph-utf8/patterns/tex/hyph-nl.tex))
\lang@slovenian=\language65
(/usr/share/texlive/texmf-dist/tex/generic/hyph-utf8/loadhyph/loadhyph-sl.tex
EC Slovenian hyphenation patterns
(/usr/share/texlive/texmf-dist/tex/generic/hyph-utf8/conversions/conv-utf8-ec.t
ex)
(/usr/share/texlive/texmf-dist/tex/generic/hyph-utf8/patterns/tex/hyph-sl.tex))
\lang@ukenglish=\language66

(/usr/share/texlive/texmf-dist/tex/generic/hyph-utf8/loadhyph/loadhyph-en-gb.te
x ASCII Hyphenation patterns for British English
(/usr/share/texlive/texmf-dist/tex/generic/hyph-utf8/patterns/tex/hyph-en-gb.te
x))
\lang@portuguese=\language67

(/usr/share/texlive/texmf-dist/tex/generic/hyph-utf8/loadhyph/loadhyph-pt.tex
EC Portuguese hyphenation patterns
(/usr/share/texlive/texmf-dist/tex/generic/hyph-utf8/conversions/conv-utf8-ec.t
ex)
(/usr/share/texlive/texmf-dist/tex/generic/hyph-utf8/patterns/tex/hyph-pt.tex))
\lang@telugu=\language68
(/usr/share/texlive/texmf-dist/tex/generic/hyph-utf8/loadhyph/loadhyph-te.tex
No Telugu hyphenation patterns - only for Unicode engines)
\lang@sanskrit=\language69

(/usr/share/texlive/texmf-dist/tex/generic/hyph-utf8/loadhyph/loadhyph-sa.tex
No Sanskrit hyphenation patterns (v0.6, 2011/09/14) - only for Unicode engines)
\lang@latvian=\language70
(/usr/share/texlive/texmf-dist/tex/generic/hyph-utf8/loadhyph/loadhyph-lv.tex
L7X Latvian hyphenation patterns
(/usr/share/texlive/texmf-dist/tex/generic/hyph-utf8/conversions/conv-utf8-l7x.
tex)
(/usr/share/texlive/texmf-dist/tex/generic/hyph-utf8/patterns/tex/hyph-lv.tex))
\lang@romanian=\language71
(/usr/share/texlive/texmf-dist/tex/generic/hyph-utf8/loadhyph/loadhyph-ro.tex
EC Romanian hyphenation patterns
(/usr/share/texlive/texmf-dist/tex/generic/hyph-utf8/conversions/conv-utf8-ec.t
ex)
(/usr/share/texlive/texmf-dist/tex/generic/hyph-utf8/patterns/tex/hyph-ro.tex))
\lang@swedish=\language72
(/usr/share/texlive/texmf-dist/tex/generic/hyph-utf8/loadhyph/loadhyph-sv.tex
EC Swedish hyphenation patterns (Jan Michael Rynning, 1994-03-03)
(/usr/share/texlive/texmf-dist/tex/generic/hyph-utf8/conversions/conv-utf8-ec.t
ex)
(/usr/share/texlive/texmf-dist/tex/generic/hyph-utf8/patterns/tex/hyph-sv.tex))
\lang@welsh=\language73
(/usr/share/texlive/texmf-dist/tex/generic/hyph-utf8/loadhyph/loadhyph-cy.tex
EC Welsh hyphenation patterns
(/usr/share/texlive/texmf-dist/tex/generic/hyph-utf8/conversions/conv-utf8-ec.t
ex)
(/usr/share/texlive/texmf-dist/tex/generic/hyph-utf8/patterns/tex/hyph-cy.tex))
\lang@piedmontese=\language74
(/usr/share/texlive/texmf-dist/tex/generic/hyph-utf8/loadhyph/loadhyph-pms.tex
ASCII Piedmontese hyphenation patterns
(/usr/share/texlive/texmf-dist/tex/generic/hyph-utf8/patterns/tex/hyph-pms.tex)
)
\lang@georgian=\language75
 (/usr/share/texlive/texmf-dist/tex/generic/hyph-utf8/loadhyph/loadhyph-ka.tex 
T8M Georgian hyphenation patterns
(/usr/share/texlive/texmf-dist/tex/generic/hyph-utf8/conversions/conv-utf8-t8m.
tex)
(/usr/share/texlive/texmf-dist/tex/generic/hyph-utf8/patterns/tex/hyph-ka.tex))
\lang@oriya=\language76
(/usr/share/texlive/texmf-dist/tex/generic/hyph-utf8/loadhyph/loadhyph-or.tex
No Oriya hyphenation patterns - only for Unicode engines)
\lang@italian=\language77

(/usr/share/texlive/texmf-dist/tex/generic/hyph-utf8/loadhyph/loadhyph-it.tex
ASCII Italian hyphenation patterns
(/usr/share/texlive/texmf-dist/tex/generic/hyph-utf8/patterns/tex/hyph-it.tex))
\lang@nynorsk=\language78
(/usr/share/texlive/texmf-dist/tex/generic/hyph-utf8/loadhyph/loadhyph-nn.tex
EC Norwegian Nynorsk hyphenation patterns
(/usr/share/texlive/texmf-dist/tex/generic/hyph-utf8/conversions/conv-utf8-ec.t
ex)
(/usr/share/texlive/texmf-dist/tex/generic/hyph-utf8/patterns/tex/hyph-nn.tex
(/usr/share/texlive/texmf-dist/tex/generic/hyph-utf8/patterns/tex/hyph-no.tex))
)
\lang@croatian=\language79
 (/usr/share/texlive/texmf-dist/tex/generic/hyph-utf8/loadhyph/loadhyph-hr.tex 
EC Croatian hyphenation patterns
(/usr/share/texlive/texmf-dist/tex/generic/hyph-utf8/conversions/conv-utf8-ec.t
ex)
(/usr/share/texlive/texmf-dist/tex/generic/hyph-utf8/patterns/tex/hyph-hr.tex))
\lang@kannada=\language80
(/usr/share/texlive/texmf-dist/tex/generic/hyph-utf8/loadhyph/loadhyph-kn.tex
No Kannada hyphenation patterns - only for Unicode engines))
Augmenting the Plain TeX definitions: \tracingall;
Adding new e-TeX definitions: \eTeX, \loggingall, \tracingnone,
register allocation;
\et@xins=\count26
 extended register allocation; 
Recycling: \addlanguage, \@nswer (not defined), \@sk, \b@dresponsetrue,
\b@dresponsefalse, \ch@ckforyn, \mayber@cycle, \et@xabort, \et@xbuf,
\et@xfmtsrc, \et@xfilehdr, \et@xinf, \et@xpatterns, \l@ngdefnfile, \n@xt,
\p@rse (not defined), \pr@mpt (not defined), \pr@mptloop (not defined),
\forcer@cycle, \usef@llback, \usef@llbacktrue, \usef@llbackfalse, 
Retaining: \et@xerr, \et@xinput, \et@xlibhdr, \et@xmsg, \et@xtoks, \et@xwarn,
\et@xl@@d, \et@xl@ad, \et@xload, \et@xlang, \et@xhash, \eTeX, \etexhdrchk,
\etexstatus, \module, \uselanguage, \r@tain, \r@cycle,)
(/usr/share/texlive/texmf-dist/tex/plain/config/pdftexmagfix.tex) )
Beginning to dump on file pdftex.fmt
 (preloaded format=pdftex 2017.6.10)
4946 strings of total length 89951
10986 memory locations dumped; current usage is 203&9816
1631 multiletter control sequences
\font\nullfont=nullfont
\font\tenrm=cmr10
\font\preloaded=cmr9
\font\preloaded=cmr8
\font\sevenrm=cmr7
\font\preloaded=cmr6
\font\fiverm=cmr5
\font\teni=cmmi10
\font\preloaded=cmmi9
\font\preloaded=cmmi8
\font\seveni=cmmi7
\font\preloaded=cmmi6
\font\fivei=cmmi5
\font\tensy=cmsy10
\font\preloaded=cmsy9
\font\preloaded=cmsy8
\font\sevensy=cmsy7
\font\preloaded=cmsy6
\font\fivesy=cmsy5
\font\tenex=cmex10
\font\preloaded=cmss10
\font\preloaded=cmssq8
\font\preloaded=cmssi10
\font\preloaded=cmssqi8
\font\tenbf=cmbx10
\font\preloaded=cmbx9
\font\preloaded=cmbx8
\font\sevenbf=cmbx7
\font\preloaded=cmbx6
\font\fivebf=cmbx5
\font\tentt=cmtt10
\font\preloaded=cmtt9
\font\preloaded=cmtt8
\font\preloaded=cmsltt10
\font\tensl=cmsl10
\font\preloaded=cmsl9
\font\preloaded=cmsl8
\font\tenit=cmti10
\font\preloaded=cmti9
\font\preloaded=cmti8
\font\preloaded=cmti7
\font\preloaded=cmu10
\font\preloaded=cmmib10
\font\preloaded=cmbsy10
\font\preloaded=cmcsc10
\font\preloaded=cmssbx10
\font\preloaded=cmdunh10
\font\preloaded=cmr7 at 14.51799pt
\font\preloaded=cmtt10 at 14.4pt
\font\preloaded=cmssbx10 at 14.4pt
\font\preloaded=manfnt
14787 words of font info for 50 preloaded fonts
1141 hyphenation exceptions
Hyphenation trie of length 337634 has 8430 ops out of 35111
  19 for language 79
  852 for language 78
  37 for language 77
  39 for language 75
  37 for language 74
  143 for language 73
  127 for language 72
  58 for language 71
  58 for language 70
  7 for language 67
  224 for language 66
  71 for language 65
  265 for language 64
  141 for language 61
  194 for language 60
  389 for language 59
  409 for language 58
  21 for language 57
  110 for language 55
  18 for language 54
  5 for language 53
  31 for language 51
  76 for language 50
  21 for language 48
  137 for language 47
  50 for language 46
  52 for language 45
  62 for language 44
  148 for language 42
  21 for language 37
  25 for language 34
  89 for language 33
  113 for language 32
  2 for language 31
  14 for language 30
  63 for language 29
  97 for language 28
  411 for language 27
  66 for language 26
  229 for language 25
  185 for language 24
  12 for language 23
  38 for language 22
  60 for language 21
  43 for language 20
  38 for language 19
  77 for language 17
  27 for language 16
  235 for language 15
  248 for language 14
  105 for language 13
  7 for language 12
  12 for language 11
  23 for language 10
  145 for language 9
  138 for language 8
  377 for language 7
  119 for language 6
  183 for language 5
  147 for language 4
  207 for language 3
  40 for language 2
  852 for language 1
  181 for language 0
0 words of pdfTeX memory
0 indirect objects
No pages of output.
PDF statistics:
 0 PDF objects out of 1000 (max. 8388607)
 0 named destinations out of 1000 (max. 500000)
 1 words of extra memory for PDF output out of 10000 (max. 10000000)

