This is LuaTeX, Version 0.95.0 (TeX Live 2016/Debian)  (INITEX)  10 JUN 2017 07:49
 restricted system commands enabled.
**dviluatex.ini
(/usr/share/texlive/texmf-dist/tex/generic/tex-ini-files/dviluatex.ini
(/usr/share/texlive/texmf-dist/tex/generic/tex-ini-files/luatex.ini
(/usr/share/texlive/texmf-dist/tex/generic/tex-ini-files/luatexconfig.tex
(/var/lib/texmf/tex/generic/config/pdftexconfig.tex))
(/usr/share/texlive/texmf-dist/tex/generic/config/luatexiniconfig.tex)
(/usr/share/texlive/texmf-dist/tex/generic/unicode-data/load-unicode-data.tex

load-unicode-data.tex v1.4a (2016-02-21)
Reading Unicode data
# UnicodeData-8.0.0.txt
# Downloaded 2015-12-01 09:00:00 GMT [JAW]
) (/usr/share/texlive/texmf-dist/tex/luatex/hyph-utf8/etex.src
(/usr/share/texlive/texmf-dist/tex/plain/base/plain.tex
Preloading the plain format: codes, registers,
\maxdimen=\dimen10
\hideskip=\skip10
\centering=\skip11
\p@=\dimen11
\z@=\dimen12
\z@skip=\skip12
\voidb@x=\box10
 parameters,
\smallskipamount=\skip13
\medskipamount=\skip14
\bigskipamount=\skip15
\normalbaselineskip=\skip16
\normallineskip=\skip17
\normallineskiplimit=\dimen13
\jot=\dimen14
\interdisplaylinepenalty=\count23
\interfootnotelinepenalty=\count24
 fonts, more fonts,
\itfam=\fam4
\slfam=\fam5
\bffam=\fam6
\ttfam=\fam7

macros,
\strutbox=\box11
\mscount=\count25
\tabs=\box12
\tabsyet=\box13
\tabsdone=\box14
 math definitions,
\rootbox=\box15
\p@renwd=\dimen15
 output routines,
\headline=\toks10
\footline=\toks11
\footins=\insert254
\topins=\insert253
 hyphenation
(/usr/share/texlive/texmf-dist/tex/generic/hyphen/hyphen.tex
[skipping from \patterns to end-of-file...]))
\et@xinput=\read0
\et@xtoks=\toks12

(/usr/share/texlive/texmf-dist/tex/plain/etex/etexdefs.lib
Skipping module "grouptypes"; Loading module "interactionmodes";
Skipping module "nodetypes"; Skipping module "iftypes";)
(/var/lib/texmf/tex/generic/config/language.def
\lang@USenglish=\language0
luatex-hyphen: using data file: /var/lib/texmf/tex/generic/config/language.dat.l
ua
(/usr/share/texlive/texmf-dist/tex/generic/hyphen/hyphen.tex)
\lang@bokmal=\language1
\lang@friulan=\language2
\lang@german=\language3
\lang@icelandic=\language4
\lang@spanish=\language5
\lang@russian=\language6
\lang@usenglishmax=\language7
\lang@ukrainian=\language8
\lang@esperanto=\language9
\lang@occitan=\language10
\lang@bulgarian=\language11
\lang@turkmen=\language12
\lang@classiclatin=\language13
\lang@slovak=\language14
\lang@ngerman=\language15
\lang@kurmanji=\language16
\lang@lithuanian=\language17
\lang@arabic=\language18
\lang@mongolian=\language19
\lang@romansh=\language20
\lang@danish=\language21
\lang@interlingua=\language22
\lang@turkish=\language23
\lang@hungarian=\language24
\lang@irish=\language25
\lang@serbian=\language26
\lang@german-x-2014-05-21=\language27
\lang@ancientgreek=\language28
\lang@czech=\language29
\lang@coptic=\language30
\lang@pinyin=\language31
\lang@estonian=\language32
\lang@french=\language33
\lang@latin=\language34
\lang@armenian=\language35
\lang@panjabi=\language36
\lang@catalan=\language37
\lang@farsi=\language38
\lang@gujarati=\language39
\lang@ethiopic=\language40
\lang@hindi=\language41
\lang@ibycus=\language42
\lang@bengali=\language43
\lang@serbianc=\language44
\lang@thai=\language45
\lang@greek=\language46
\lang@afrikaans=\language47
\lang@indonesian=\language48
\lang@churchslavonic=\language49
\lang@galician=\language50
\lang@finnish=\language51
\lang@marathi=\language52
\lang@basque=\language53
\lang@monogreek=\language54
\lang@uppersorbian=\language55
\lang@malayalam=\language56
\lang@mongolianlmc=\language57
\lang@ngerman-x-2014-05-21=\language58
\lang@swissgerman=\language59
\lang@polish=\language60
\lang@liturgicallatin=\language61
\lang@assamese=\language62
\lang@tamil=\language63
\lang@dutch=\language64
\lang@slovenian=\language65
\lang@ukenglish=\language66
\lang@portuguese=\language67
\lang@telugu=\language68
\lang@sanskrit=\language69
\lang@latvian=\language70
\lang@romanian=\language71
\lang@swedish=\language72
\lang@welsh=\language73
\lang@piedmontese=\language74
\lang@georgian=\language75
\lang@oriya=\language76
\lang@italian=\language77
\lang@nynorsk=\language78
\lang@croatian=\language79
\lang@kannada=\language80
)
Augmenting the Plain TeX definitions: \tracingall;
Adding new e-TeX definitions: \eTeX, \loggingall, \tracingnone,
register allocation;
\et@xins=\count26
 extended register allocation; 
Recycling: \addlanguage, \@nswer (not defined), \@sk, \b@dresponsetrue,
\b@dresponsefalse, \ch@ckforyn, \mayber@cycle, \et@xabort, \et@xbuf,
\et@xfmtsrc, \et@xfilehdr, \et@xinf, \et@xpatterns, \l@ngdefnfile, \n@xt,
\p@rse (not defined), \pr@mpt (not defined), \pr@mptloop (not defined),
\forcer@cycle, \usef@llback, \usef@llbacktrue, \usef@llbackfalse, 
Retaining: \et@xerr, \et@xinput, \et@xlibhdr, \et@xmsg, \et@xtoks, \et@xwarn,
\et@xl@@d, \et@xl@ad, \et@xload, \et@xlang, \et@xhash, \eTeX, \etexhdrchk,
\etexstatus, \module, \uselanguage, \r@tain, \r@cycle,)))
Beginning to dump on file dviluatex.fmt
 (format=dviluatex 2017.6.10)
3372 strings using 13183 bytes
68833 memory locations dumped; current usage is 155&8353
1998 multiletter control sequences
\font\nullfont=nullfont
\font\tenrm=cmr10
\font\preloaded=cmr9
\font\preloaded=cmr8
\font\sevenrm=cmr7
\font\preloaded=cmr6
\font\fiverm=cmr5
\font\teni=cmmi10
\font\preloaded=cmmi9
\font\preloaded=cmmi8
\font\seveni=cmmi7
\font\preloaded=cmmi6
\font\fivei=cmmi5
\font\tensy=cmsy10
\font\preloaded=cmsy9
\font\preloaded=cmsy8
\font\sevensy=cmsy7
\font\preloaded=cmsy6
\font\fivesy=cmsy5
\font\tenex=cmex10
\font\preloaded=cmss10
\font\preloaded=cmssq8
\font\preloaded=cmssi10
\font\preloaded=cmssqi8
\font\tenbf=cmbx10
\font\preloaded=cmbx9
\font\preloaded=cmbx8
\font\sevenbf=cmbx7
\font\preloaded=cmbx6
\font\fivebf=cmbx5
\font\tentt=cmtt10
\font\preloaded=cmtt9
\font\preloaded=cmtt8
\font\preloaded=cmsltt10
\font\tensl=cmsl10
\font\preloaded=cmsl9
\font\preloaded=cmsl8
\font\tenit=cmti10
\font\preloaded=cmti9
\font\preloaded=cmti8
\font\preloaded=cmti7
\font\preloaded=cmu10
\font\preloaded=cmmib10
\font\preloaded=cmbsy10
\font\preloaded=cmcsc10
\font\preloaded=cmssbx10
\font\preloaded=cmdunh10
\font\preloaded=cmr7 at 14.51799pt
\font\preloaded=cmtt10 at 14.4pt
\font\preloaded=cmssbx10 at 14.4pt
\font\preloaded=manfnt
50 preloaded fonts
No pages of output.

