This is XeTeX, Version 3.14159265-2.6-0.99996 (TeX Live 2016/Debian) (INITEX)  10 JUN 2017 07:49
entering extended mode
 restricted \write18 enabled.
 %&-line parsing enabled.
**xetex.ini
(/usr/share/texlive/texmf-dist/tex/generic/tex-ini-files/xetex.ini
(/usr/share/texlive/texmf-dist/tex/generic/unicode-data/load-unicode-data.tex

load-unicode-data.tex v1.4a (2016-02-21)
Reading Unicode data
# UnicodeData-8.0.0.txt
# Downloaded 2015-12-01 09:00:00 GMT [JAW]
)
(/usr/share/texlive/texmf-dist/tex/generic/unicode-data/load-unicode-xetex-clas
ses.tex 
load-unicode-xetex-classes.tex v1.4a (2016-02-21)
Reading Unicode east Asian character class data
# LineBreak-8.0.0.txt 
# Date: 2015-02-13, 09:15:00 GMT [KW, LI] 
# EastAsianWidth-8.0.0.txt 
# Date: 2015-02-10, 21:00:00 GMT [KW, LI] 
) (/usr/share/texlive/texmf-dist/tex/plain/etex/etex.src
(/usr/share/texlive/texmf-dist/tex/plain/base/plain.tex
Preloading the plain format: codes, registers,
\maxdimen=\dimen10
\hideskip=\skip10
\centering=\skip11
\p@=\dimen11
\z@=\dimen12
\z@skip=\skip12
\voidb@x=\box10
 parameters,
\smallskipamount=\skip13
\medskipamount=\skip14
\bigskipamount=\skip15
\normalbaselineskip=\skip16
\normallineskip=\skip17
\normallineskiplimit=\dimen13
\jot=\dimen14
\interdisplaylinepenalty=\count23
\interfootnotelinepenalty=\count24
 fonts, more fonts,
\itfam=\fam4
\slfam=\fam5
\bffam=\fam6
\ttfam=\fam7

macros,
\strutbox=\box11
\mscount=\count25
\tabs=\box12
\tabsyet=\box13
\tabsdone=\box14
 math definitions,
\rootbox=\box15
\p@renwd=\dimen15
 output routines,
\headline=\toks10
\footline=\toks11
\footins=\insert254
\topins=\insert253
 hyphenation
(/usr/share/texlive/texmf-dist/tex/generic/hyphen/hyphen.tex
[skipping from \patterns to end-of-file...]))
\et@xinput=\read0
\et@xtoks=\toks12

(/usr/share/texlive/texmf-dist/tex/plain/etex/etexdefs.lib
Skipping module "grouptypes"; Loading module "interactionmodes";
Skipping module "nodetypes"; Skipping module "iftypes";)
(/var/lib/texmf/tex/generic/config/language.def
\lang@USenglish=\language0

(/usr/share/texlive/texmf-dist/tex/generic/hyphen/hyphen.tex)
\lang@bokmal=\language1

(/usr/share/texlive/texmf-dist/tex/generic/hyph-utf8/loadhyph/loadhyph-nb.tex
UTF-8 Norwegian Bokmal hyphenation patterns
(/usr/share/texlive/texmf-dist/tex/generic/hyph-utf8/patterns/tex/hyph-nb.tex
(/usr/share/texlive/texmf-dist/tex/generic/hyph-utf8/patterns/tex/hyph-no.tex))
)
\lang@friulan=\language2

(/usr/share/texlive/texmf-dist/tex/generic/hyph-utf8/loadhyph/loadhyph-fur.tex
UTF-8 Friulan hyphenation patterns
(/usr/share/texlive/texmf-dist/tex/generic/hyph-utf8/patterns/tex/hyph-fur.tex)

(/usr/share/texlive/texmf-dist/tex/generic/hyph-utf8/patterns/quote/hyph-quote-
fur.tex))
\lang@german=\language3

(/usr/share/texlive/texmf-dist/tex/generic/hyph-utf8/loadhyph/loadhyph-de-1901.
tex UTF-8 German hyphenation patterns (traditional orthography)
(/usr/share/texlive/texmf-dist/tex/generic/hyph-utf8/patterns/tex/hyph-de-1901.
tex
German Hyphenation Patterns (Traditional Orthography) `dehypht-x' 2014-05-21 (W
L)))
\lang@icelandic=\language4

(/usr/share/texlive/texmf-dist/tex/generic/hyph-utf8/loadhyph/loadhyph-is.tex
UTF-8 Icelandic hyphenation patterns
(/usr/share/texlive/texmf-dist/tex/generic/hyph-utf8/patterns/tex/hyph-is.tex))
\lang@spanish=\language5
(/usr/share/texlive/texmf-dist/tex/generic/hyph-utf8/loadhyph/loadhyph-es.tex
UTF-8 Spanish hyphenation patterns
(/usr/share/texlive/texmf-dist/tex/generic/hyph-utf8/patterns/tex/hyph-es.tex))
\lang@russian=\language6
(/usr/share/texlive/texmf-dist/tex/generic/hyph-utf8/loadhyph/loadhyph-ru.tex
UTF-8 Russian hyphenation patterns
(/usr/share/texlive/texmf-dist/tex/generic/hyph-utf8/patterns/tex/hyph-ru.tex))
\lang@usenglishmax=\language7

(/usr/share/texlive/texmf-dist/tex/generic/hyph-utf8/loadhyph/loadhyph-en-us.te
x ASCII Hyphenation patterns for American English
(/usr/share/texlive/texmf-dist/tex/generic/hyph-utf8/patterns/tex/hyph-en-us.te
x))
\lang@ukrainian=\language8

(/usr/share/texlive/texmf-dist/tex/generic/hyph-utf8/loadhyph/loadhyph-uk.tex
UTF-8 Ukrainian hyphenation patterns
(/usr/share/texlive/texmf-dist/tex/generic/hyph-utf8/patterns/tex/hyph-uk.tex)
(/usr/share/texlive/texmf-dist/tex/generic/hyph-utf8/patterns/quote/hyph-quote-
uk.tex))
\lang@esperanto=\language9

(/usr/share/texlive/texmf-dist/tex/generic/hyph-utf8/loadhyph/loadhyph-eo.tex
UTF-8 Esperanto hyphenation patterns
(/usr/share/texlive/texmf-dist/tex/generic/hyph-utf8/patterns/tex/hyph-eo.tex))
\lang@occitan=\language10
(/usr/share/texlive/texmf-dist/tex/generic/hyph-utf8/loadhyph/loadhyph-oc.tex
UTF-8 Occitan hyphenation patterns
(/usr/share/texlive/texmf-dist/tex/generic/hyph-utf8/patterns/tex/hyph-oc.tex)
(/usr/share/texlive/texmf-dist/tex/generic/hyph-utf8/patterns/quote/hyph-quote-
oc.tex))
\lang@bulgarian=\language11

(/usr/share/texlive/texmf-dist/tex/generic/hyph-utf8/loadhyph/loadhyph-bg.tex
UTF-8 Bulgarian hyphenation patterns
(/usr/share/texlive/texmf-dist/tex/generic/hyph-utf8/patterns/tex/hyph-bg.tex))
\lang@turkmen=\language12
(/usr/share/texlive/texmf-dist/tex/generic/hyph-utf8/loadhyph/loadhyph-tk.tex
UTF-8 Turkmen hyphenation patterns
(/usr/share/texlive/texmf-dist/tex/generic/hyph-utf8/patterns/tex/hyph-tk.tex))
\lang@classiclatin=\language13

(/usr/share/texlive/texmf-dist/tex/generic/hyph-utf8/loadhyph/loadhyph-la-x-cla
ssic.tex ASCII Classical Latin hyphenation patterns
(/usr/share/texlive/texmf-dist/tex/generic/hyph-utf8/patterns/tex/hyph-la-x-cla
ssic.tex))
\lang@slovak=\language14

(/usr/share/texlive/texmf-dist/tex/generic/hyph-utf8/loadhyph/loadhyph-sk.tex
UTF-8 Slovak hyphenation patterns (Jana Chlebikova, 1992)
(/usr/share/texlive/texmf-dist/tex/generic/hyph-utf8/patterns/tex/hyph-sk.tex))
\lang@ngerman=\language15

(/usr/share/texlive/texmf-dist/tex/generic/hyph-utf8/loadhyph/loadhyph-de-1996.
tex UTF-8 German hyphenation patterns (reformed orthography)
(/usr/share/texlive/texmf-dist/tex/generic/hyph-utf8/patterns/tex/hyph-de-1996.
tex
German Hyphenation Patterns (Reformed Orthography, 2006) `dehyphn-x' 2014-05-21
 (WL)))
\lang@kurmanji=\language16

(/usr/share/texlive/texmf-dist/tex/generic/hyph-utf8/loadhyph/loadhyph-kmr.tex
UTF-8 Kurmanji hyphenation patterns (v. 1.0 2009/06/29 JKn and MSh)
(/usr/share/texlive/texmf-dist/tex/generic/hyph-utf8/patterns/tex/hyph-kmr.tex)
)
\lang@lithuanian=\language17
 (/usr/share/texlive/texmf-dist/tex/generic/hyph-utf8/loadhyph/loadhyph-lt.tex 
UTF-8 Lithuanian hyphenation patterns
(/usr/share/texlive/texmf-dist/tex/generic/hyph-utf8/patterns/tex/hyph-lt.tex))
\lang@arabic=\language18
(/usr/share/texlive/texmf-dist/tex/generic/hyphen/zerohyph.tex)
\lang@mongolian=\language19

(/usr/share/texlive/texmf-dist/tex/generic/hyph-utf8/loadhyph/loadhyph-mn-cyrl.
tex UTF-8 (New) Mongolian hyphenation patterns
(/usr/share/texlive/texmf-dist/tex/generic/hyph-utf8/patterns/tex/hyph-mn-cyrl.
tex))
\lang@romansh=\language20

(/usr/share/texlive/texmf-dist/tex/generic/hyph-utf8/loadhyph/loadhyph-rm.tex
UTF-8 Romansh hyphenation patterns
(/usr/share/texlive/texmf-dist/tex/generic/hyph-utf8/patterns/tex/hyph-rm.tex)
(/usr/share/texlive/texmf-dist/tex/generic/hyph-utf8/patterns/quote/hyph-quote-
rm.tex))
\lang@danish=\language21

(/usr/share/texlive/texmf-dist/tex/generic/hyph-utf8/loadhyph/loadhyph-da.tex
UTF-8 Danish hyphenation patterns
(/usr/share/texlive/texmf-dist/tex/generic/hyph-utf8/patterns/tex/hyph-da.tex))
\lang@interlingua=\language22
(/usr/share/texlive/texmf-dist/tex/generic/hyph-utf8/loadhyph/loadhyph-ia.tex
ASCII Hyphenation patterns for Interlingua
(/usr/share/texlive/texmf-dist/tex/generic/hyph-utf8/patterns/tex/hyph-ia.tex))
\lang@turkish=\language23
(/usr/share/texlive/texmf-dist/tex/generic/hyph-utf8/loadhyph/loadhyph-tr.tex
UTF-8 Turkish hyphenation patterns
(/usr/share/texlive/texmf-dist/tex/generic/hyph-utf8/patterns/tex/hyph-tr.tex))
\lang@hungarian=\language24
(/usr/share/texlive/texmf-dist/tex/generic/hyph-utf8/loadhyph/loadhyph-hu.tex
UTF-8 Hungarian hyphenation patterns (v20110815)
(/usr/share/texlive/texmf-dist/tex/generic/hyph-utf8/patterns/tex/hyph-hu.tex
Huhyphn - hungarian hyphenation patterns v20110815))
\lang@irish=\language25

(/usr/share/texlive/texmf-dist/tex/generic/hyph-utf8/loadhyph/loadhyph-ga.tex
UTF-8 Irish hyphenation patterns
(/usr/share/texlive/texmf-dist/tex/generic/hyph-utf8/patterns/tex/hyph-ga.tex))
\lang@serbian=\language26

(/usr/share/texlive/texmf-dist/tex/generic/hyph-utf8/loadhyph/loadhyph-sr-latn.
tex UTF-8 Serbian hyphenation patterns
(/usr/share/texlive/texmf-dist/tex/generic/hyph-utf8/patterns/tex/hyph-sh-latn.
tex)
(/usr/share/texlive/texmf-dist/tex/generic/hyph-utf8/patterns/tex/hyph-sh-cyrl.
tex))
\lang@german-x-2014-05-21=\language27

(/usr/share/texlive/texmf-dist/tex/generic/dehyph-exptl/dehypht-x-2014-05-21.te
x dehyph-exptl: using a TeX engine with native UTF-8 support.
(/usr/share/texlive/texmf-dist/tex/generic/dehyph-exptl/dehypht-x-2014-05-21.pa
t
German Hyphenation Patterns (Traditional Orthography) `dehypht-x' 2014-05-21 (W
L)))
\lang@ancientgreek=\language28

(/usr/share/texlive/texmf-dist/tex/generic/hyph-utf8/loadhyph/loadhyph-grc.tex
UTF-8 Hyphenation patterns for Ancient Greek
(/usr/share/texlive/texmf-dist/tex/generic/hyph-utf8/patterns/tex/hyph-grc.tex)
)
\lang@czech=\language29
 (/usr/share/texlive/texmf-dist/tex/generic/hyph-utf8/loadhyph/loadhyph-cs.tex 
UTF-8 Czech hyphenation patterns (Pavel Sevecek, v3, 1995)
(/usr/share/texlive/texmf-dist/tex/generic/hyph-utf8/patterns/tex/hyph-cs.tex))
\lang@coptic=\language30
(/usr/share/texlive/texmf-dist/tex/generic/hyph-utf8/loadhyph/loadhyph-cop.tex
UTF-8 Coptic hyphenation patterns
(/usr/share/texlive/texmf-dist/tex/generic/hyph-utf8/patterns/tex/hyph-cop.tex)
)
\lang@pinyin=\language31

(/usr/share/texlive/texmf-dist/tex/generic/hyph-utf8/loadhyph/loadhyph-zh-latn-
pinyin.tex
UTF-8 Hyphenation patterns for unaccented pinyin syllables (CJK 4.8.0)
(/usr/share/texlive/texmf-dist/tex/generic/hyph-utf8/patterns/tex/hyph-zh-latn-
pinyin.tex)
(/usr/share/texlive/texmf-dist/tex/generic/hyph-utf8/patterns/quote/hyph-quote-
zh-latn-pinyin.tex))
\lang@estonian=\language32

(/usr/share/texlive/texmf-dist/tex/generic/hyph-utf8/loadhyph/loadhyph-et.tex
UTF-8 Estonian hyphenation patterns
(/usr/share/texlive/texmf-dist/tex/generic/hyph-utf8/patterns/tex/hyph-et.tex))
\lang@french=\language33
(/usr/share/texlive/texmf-dist/tex/generic/hyph-utf8/loadhyph/loadhyph-fr.tex
UTF-8 French hyphenation patterns
(/usr/share/texlive/texmf-dist/tex/generic/hyph-utf8/patterns/tex/hyph-fr.tex)
(/usr/share/texlive/texmf-dist/tex/generic/hyph-utf8/patterns/quote/hyph-quote-
fr.tex))
\lang@latin=\language34

(/usr/share/texlive/texmf-dist/tex/generic/hyph-utf8/loadhyph/loadhyph-la.tex
UTF-8 Latin hyphenation patterns
(/usr/share/texlive/texmf-dist/tex/generic/hyph-utf8/patterns/tex/hyph-la.tex))
\lang@armenian=\language35
(/usr/share/texlive/texmf-dist/tex/generic/hyph-utf8/loadhyph/loadhyph-hy.tex
UTF-8 Armenian hyphenation patterns
(/usr/share/texlive/texmf-dist/tex/generic/hyph-utf8/patterns/tex/hyph-hy.tex))
\lang@panjabi=\language36
(/usr/share/texlive/texmf-dist/tex/generic/hyph-utf8/loadhyph/loadhyph-pa.tex
UTF-8 Panjabi hyphenation patterns
(/usr/share/texlive/texmf-dist/tex/generic/hyph-utf8/patterns/tex/hyph-pa.tex))
\lang@catalan=\language37
(/usr/share/texlive/texmf-dist/tex/generic/hyph-utf8/loadhyph/loadhyph-ca.tex
UTF-8 Catalan hyphenation patterns
(/usr/share/texlive/texmf-dist/tex/generic/hyph-utf8/patterns/tex/hyph-ca.tex))
\lang@farsi=\language38
(/usr/share/texlive/texmf-dist/tex/generic/hyphen/zerohyph.tex)
\lang@gujarati=\language39

(/usr/share/texlive/texmf-dist/tex/generic/hyph-utf8/loadhyph/loadhyph-gu.tex
UTF-8 Gujarati hyphenation patterns
(/usr/share/texlive/texmf-dist/tex/generic/hyph-utf8/patterns/tex/hyph-gu.tex))
\lang@ethiopic=\language40

(/usr/share/texlive/texmf-dist/tex/generic/hyph-utf8/loadhyph/loadhyph-mul-ethi
.tex UTF-8 Pan-Ethiopic hyphenation patterns
(/usr/share/texlive/texmf-dist/tex/generic/hyph-utf8/patterns/tex/hyph-mul-ethi
.tex))
\lang@hindi=\language41

(/usr/share/texlive/texmf-dist/tex/generic/hyph-utf8/loadhyph/loadhyph-hi.tex
UTF-8 Hindi hyphenation patterns
(/usr/share/texlive/texmf-dist/tex/generic/hyph-utf8/patterns/tex/hyph-hi.tex))
\lang@ibycus=\language42
(/usr/share/texlive/texmf-dist/tex/generic/hyphen/ibyhyph.tex
Greek hyphenation patterns for Ibycus encoding, v3.0)
\lang@bengali=\language43

(/usr/share/texlive/texmf-dist/tex/generic/hyph-utf8/loadhyph/loadhyph-bn.tex
UTF-8 Bengali hyphenation patterns
(/usr/share/texlive/texmf-dist/tex/generic/hyph-utf8/patterns/tex/hyph-bn.tex))
\lang@serbianc=\language44

(/usr/share/texlive/texmf-dist/tex/generic/hyph-utf8/loadhyph/loadhyph-sr-cyrl.
tex UTF-8 Serbian hyphenation patterns
(/usr/share/texlive/texmf-dist/tex/generic/hyph-utf8/patterns/tex/hyph-sh-latn.
tex)
(/usr/share/texlive/texmf-dist/tex/generic/hyph-utf8/patterns/tex/hyph-sh-cyrl.
tex))
\lang@thai=\language45

(/usr/share/texlive/texmf-dist/tex/generic/hyph-utf8/loadhyph/loadhyph-th.tex
UTF-8 Thai hyphenation patterns
(/usr/share/texlive/texmf-dist/tex/generic/hyph-utf8/patterns/tex/hyph-th.tex))
\lang@greek=\language46

(/usr/share/texlive/texmf-dist/tex/generic/hyph-utf8/loadhyph/loadhyph-el-polyt
on.tex UTF-8 Hyphenation patterns for multi-accent (polytonic) Modern Greek
(/usr/share/texlive/texmf-dist/tex/generic/hyph-utf8/patterns/tex/hyph-el-polyt
on.tex))
\lang@afrikaans=\language47

(/usr/share/texlive/texmf-dist/tex/generic/hyph-utf8/loadhyph/loadhyph-af.tex
UTF-8 Afrikaans hyphenation patterns
(/usr/share/texlive/texmf-dist/tex/generic/hyph-utf8/patterns/tex/hyph-af.tex)
(/usr/share/texlive/texmf-dist/tex/generic/hyph-utf8/patterns/quote/hyph-quote-
af.tex))
\lang@indonesian=\language48

(/usr/share/texlive/texmf-dist/tex/generic/hyph-utf8/loadhyph/loadhyph-id.tex
ASCII Indonesian hyphenation patterns
(/usr/share/texlive/texmf-dist/tex/generic/hyph-utf8/patterns/tex/hyph-id.tex))
\lang@churchslavonic=\language49
(/usr/share/texlive/texmf-dist/tex/generic/hyph-utf8/loadhyph/loadhyph-cu.tex
UTF-8 Church Slavonic hyphenation patterns
(/usr/share/texlive/texmf-dist/tex/generic/hyph-utf8/patterns/tex/hyph-cu.tex))
\lang@galician=\language50
(/usr/share/texlive/texmf-dist/tex/generic/hyph-utf8/loadhyph/loadhyph-gl.tex
UTF-8 Galician hyphenation patterns
(/usr/share/texlive/texmf-dist/tex/generic/hyph-utf8/patterns/tex/hyph-gl.tex))
\lang@finnish=\language51
(/usr/share/texlive/texmf-dist/tex/generic/hyph-utf8/loadhyph/loadhyph-fi.tex
UTF-8 Finnish hyphenation patterns
(/usr/share/texlive/texmf-dist/tex/generic/hyph-utf8/patterns/tex/hyph-fi.tex))
\lang@marathi=\language52
(/usr/share/texlive/texmf-dist/tex/generic/hyph-utf8/loadhyph/loadhyph-mr.tex
UTF-8 Marathi hyphenation patterns
(/usr/share/texlive/texmf-dist/tex/generic/hyph-utf8/patterns/tex/hyph-mr.tex))
\lang@basque=\language53
(/usr/share/texlive/texmf-dist/tex/generic/hyph-utf8/loadhyph/loadhyph-eu.tex
UTF-8 Basque hyphenation patterns
(/usr/share/texlive/texmf-dist/tex/generic/hyph-utf8/patterns/tex/hyph-eu.tex))
\lang@monogreek=\language54

(/usr/share/texlive/texmf-dist/tex/generic/hyph-utf8/loadhyph/loadhyph-el-monot
on.tex UTF-8 Hyphenation patterns for uni-accent (monotonic) Modern Greek
(/usr/share/texlive/texmf-dist/tex/generic/hyph-utf8/patterns/tex/hyph-el-monot
on.tex))
\lang@uppersorbian=\language55

(/usr/share/texlive/texmf-dist/tex/generic/hyph-utf8/loadhyph/loadhyph-hsb.tex
UTF-8 Upper Sorbian hyphenation patterns (E. Werner)
(/usr/share/texlive/texmf-dist/tex/generic/hyph-utf8/patterns/tex/hyph-hsb.tex)
)
\lang@malayalam=\language56
 (/usr/share/texlive/texmf-dist/tex/generic/hyph-utf8/loadhyph/loadhyph-ml.tex 
UTF-8 Malayalam hyphenation patterns
(/usr/share/texlive/texmf-dist/tex/generic/hyph-utf8/patterns/tex/hyph-ml.tex))
\lang@mongolianlmc=\language57

(/usr/share/texlive/texmf-dist/tex/generic/hyph-utf8/loadhyph/loadhyph-mn-cyrl-
x-lmc.tex UTF-8 Mongolian hyphenation patterns
(/usr/share/texlive/texmf-dist/tex/generic/hyph-utf8/patterns/tex/hyph-mn-cyrl-
x-lmc.tex))
\lang@ngerman-x-2014-05-21=\language58

(/usr/share/texlive/texmf-dist/tex/generic/dehyph-exptl/dehyphn-x-2014-05-21.te
x dehyph-exptl: using a TeX engine with native UTF-8 support.
(/usr/share/texlive/texmf-dist/tex/generic/dehyph-exptl/dehyphn-x-2014-05-21.pa
t
German Hyphenation Patterns (Reformed Orthography, 2006) `dehyphn-x' 2014-05-21
 (WL)))
\lang@swissgerman=\language59

(/usr/share/texlive/texmf-dist/tex/generic/hyph-utf8/loadhyph/loadhyph-de-ch-19
01.tex UTF-8 Swiss-German hyphenation patterns (traditional orthography)
(/usr/share/texlive/texmf-dist/tex/generic/hyph-utf8/patterns/tex/hyph-de-ch-19
01.tex
Swiss-German Hyphenation Patterns (Traditional Orthography) `dehyphts-x' 2014-0
5-21 (WL)))
\lang@polish=\language60

(/usr/share/texlive/texmf-dist/tex/generic/hyph-utf8/loadhyph/loadhyph-pl.tex
UTF-8 Polish hyphenation patterns
(/usr/share/texlive/texmf-dist/tex/generic/hyph-utf8/patterns/tex/hyph-pl.tex))
\lang@liturgicallatin=\language61

(/usr/share/texlive/texmf-dist/tex/generic/hyph-utf8/loadhyph/loadhyph-la-x-lit
urgic.tex UTF-8 Liturgical Latin hyphenation patterns
(/usr/share/texlive/texmf-dist/tex/generic/hyph-utf8/patterns/tex/hyph-la-x-lit
urgic.tex))
\lang@assamese=\language62

(/usr/share/texlive/texmf-dist/tex/generic/hyph-utf8/loadhyph/loadhyph-as.tex
UTF-8 Assamese hyphenation patterns
(/usr/share/texlive/texmf-dist/tex/generic/hyph-utf8/patterns/tex/hyph-as.tex))
\lang@tamil=\language63
(/usr/share/texlive/texmf-dist/tex/generic/hyph-utf8/loadhyph/loadhyph-ta.tex
UTF-8 Tamil hyphenation patterns
(/usr/share/texlive/texmf-dist/tex/generic/hyph-utf8/patterns/tex/hyph-ta.tex))
\lang@dutch=\language64
(/usr/share/texlive/texmf-dist/tex/generic/hyph-utf8/loadhyph/loadhyph-nl.tex
UTF-8 Dutch hyphenation patterns
(/usr/share/texlive/texmf-dist/tex/generic/hyph-utf8/patterns/tex/hyph-nl.tex))
\lang@slovenian=\language65
(/usr/share/texlive/texmf-dist/tex/generic/hyph-utf8/loadhyph/loadhyph-sl.tex
UTF-8 Slovenian hyphenation patterns
(/usr/share/texlive/texmf-dist/tex/generic/hyph-utf8/patterns/tex/hyph-sl.tex))
\lang@ukenglish=\language66

(/usr/share/texlive/texmf-dist/tex/generic/hyph-utf8/loadhyph/loadhyph-en-gb.te
x ASCII Hyphenation patterns for British English
(/usr/share/texlive/texmf-dist/tex/generic/hyph-utf8/patterns/tex/hyph-en-gb.te
x))
\lang@portuguese=\language67

(/usr/share/texlive/texmf-dist/tex/generic/hyph-utf8/loadhyph/loadhyph-pt.tex
UTF-8 Portuguese hyphenation patterns
(/usr/share/texlive/texmf-dist/tex/generic/hyph-utf8/patterns/tex/hyph-pt.tex))
\lang@telugu=\language68
(/usr/share/texlive/texmf-dist/tex/generic/hyph-utf8/loadhyph/loadhyph-te.tex
UTF-8 Telugu hyphenation patterns
(/usr/share/texlive/texmf-dist/tex/generic/hyph-utf8/patterns/tex/hyph-te.tex))
\lang@sanskrit=\language69
(/usr/share/texlive/texmf-dist/tex/generic/hyph-utf8/loadhyph/loadhyph-sa.tex
UTF-8 Sanskrit hyphenation patterns (v0.6, 2011/09/14)
(/usr/share/texlive/texmf-dist/tex/generic/hyph-utf8/patterns/tex/hyph-sa.tex))
\lang@latvian=\language70
(/usr/share/texlive/texmf-dist/tex/generic/hyph-utf8/loadhyph/loadhyph-lv.tex
UTF-8 Latvian hyphenation patterns
(/usr/share/texlive/texmf-dist/tex/generic/hyph-utf8/patterns/tex/hyph-lv.tex))
\lang@romanian=\language71
(/usr/share/texlive/texmf-dist/tex/generic/hyph-utf8/loadhyph/loadhyph-ro.tex
UTF-8 Romanian hyphenation patterns
(/usr/share/texlive/texmf-dist/tex/generic/hyph-utf8/patterns/tex/hyph-ro.tex))
\lang@swedish=\language72
(/usr/share/texlive/texmf-dist/tex/generic/hyph-utf8/loadhyph/loadhyph-sv.tex
UTF-8 Swedish hyphenation patterns (Jan Michael Rynning, 1994-03-03)
(/usr/share/texlive/texmf-dist/tex/generic/hyph-utf8/patterns/tex/hyph-sv.tex))
\lang@welsh=\language73
(/usr/share/texlive/texmf-dist/tex/generic/hyph-utf8/loadhyph/loadhyph-cy.tex
UTF-8 Welsh hyphenation patterns
(/usr/share/texlive/texmf-dist/tex/generic/hyph-utf8/patterns/tex/hyph-cy.tex))
\lang@piedmontese=\language74
(/usr/share/texlive/texmf-dist/tex/generic/hyph-utf8/loadhyph/loadhyph-pms.tex
UTF-8 Piedmontese hyphenation patterns
(/usr/share/texlive/texmf-dist/tex/generic/hyph-utf8/patterns/tex/hyph-pms.tex)

(/usr/share/texlive/texmf-dist/tex/generic/hyph-utf8/patterns/quote/hyph-quote-
pms.tex))
\lang@georgian=\language75

(/usr/share/texlive/texmf-dist/tex/generic/hyph-utf8/loadhyph/loadhyph-ka.tex
UTF-8 Georgian hyphenation patterns
(/usr/share/texlive/texmf-dist/tex/generic/hyph-utf8/patterns/tex/hyph-ka.tex))
\lang@oriya=\language76
(/usr/share/texlive/texmf-dist/tex/generic/hyph-utf8/loadhyph/loadhyph-or.tex
UTF-8 Oriya hyphenation patterns
(/usr/share/texlive/texmf-dist/tex/generic/hyph-utf8/patterns/tex/hyph-or.tex))
\lang@italian=\language77
(/usr/share/texlive/texmf-dist/tex/generic/hyph-utf8/loadhyph/loadhyph-it.tex
UTF-8 Italian hyphenation patterns
(/usr/share/texlive/texmf-dist/tex/generic/hyph-utf8/patterns/tex/hyph-it.tex)
(/usr/share/texlive/texmf-dist/tex/generic/hyph-utf8/patterns/quote/hyph-quote-
it.tex))
\lang@nynorsk=\language78

(/usr/share/texlive/texmf-dist/tex/generic/hyph-utf8/loadhyph/loadhyph-nn.tex
UTF-8 Norwegian Nynorsk hyphenation patterns
(/usr/share/texlive/texmf-dist/tex/generic/hyph-utf8/patterns/tex/hyph-nn.tex
(/usr/share/texlive/texmf-dist/tex/generic/hyph-utf8/patterns/tex/hyph-no.tex))
)
\lang@croatian=\language79
 (/usr/share/texlive/texmf-dist/tex/generic/hyph-utf8/loadhyph/loadhyph-hr.tex 
UTF-8 Croatian hyphenation patterns
(/usr/share/texlive/texmf-dist/tex/generic/hyph-utf8/patterns/tex/hyph-hr.tex))
\lang@kannada=\language80
(/usr/share/texlive/texmf-dist/tex/generic/hyph-utf8/loadhyph/loadhyph-kn.tex
UTF-8 Kannada hyphenation patterns
(/usr/share/texlive/texmf-dist/tex/generic/hyph-utf8/patterns/tex/hyph-kn.tex))
) Augmenting the Plain TeX definitions: \tracingall;
Adding new e-TeX definitions: \eTeX, \loggingall, \tracingnone,
register allocation;
\et@xins=\count26
 extended register allocation; 
Recycling: \addlanguage, \@nswer (not defined), \@sk, \b@dresponsetrue,
\b@dresponsefalse, \ch@ckforyn, \mayber@cycle, \et@xabort, \et@xbuf,
\et@xfmtsrc, \et@xfilehdr, \et@xinf, \et@xpatterns, \l@ngdefnfile, \n@xt,
\p@rse (not defined), \pr@mpt (not defined), \pr@mptloop (not defined),
\forcer@cycle, \usef@llback, \usef@llbacktrue, \usef@llbackfalse, 
Retaining: \et@xerr, \et@xinput, \et@xlibhdr, \et@xmsg, \et@xtoks, \et@xwarn,
\et@xl@@d, \et@xl@ad, \et@xload, \et@xlang, \et@xhash, \eTeX, \etexhdrchk,
\etexstatus, \module, \uselanguage, \r@tain, \r@cycle,)
\xe@alloc@intercharclass=\count27

 )
Beginning to dump on file xetex.fmt
 (preloaded format=xetex 2017.6.10)
72084 strings of total length 96788
11262 memory locations dumped; current usage is 647&10223
3707 multiletter control sequences
\font\nullfont=nullfont
\font\tenrm=cmr10
\font\sevenrm=cmr7
\font\fiverm=cmr5
\font\teni=cmmi10
\font\seveni=cmmi7
\font\fivei=cmmi5
\font\tensy=cmsy10
\font\sevensy=cmsy7
\font\fivesy=cmsy5
\font\tenex=cmex10
\font\tenbf=cmbx10
\font\sevenbf=cmbx7
\font\fivebf=cmbx5
\font\tentt=cmtt10
\font\tensl=cmsl10
\font\tenit=cmti10
4739 words of font info for 16 preloaded fonts
1347 hyphenation exceptions
Hyphenation trie of length 399503 has 8988 ops out of 35111
  6 for language 80
  19 for language 79
  852 for language 78
  37 for language 77
  6 for language 76
  39 for language 75
  37 for language 74
  143 for language 73
  127 for language 72
  58 for language 71
  58 for language 70
  15 for language 69
  6 for language 68
  7 for language 67
  224 for language 66
  71 for language 65
  265 for language 64
  7 for language 63
  6 for language 62
  141 for language 61
  194 for language 60
  389 for language 59
  409 for language 58
  21 for language 57
  8 for language 56
  110 for language 55
  20 for language 54
  5 for language 53
  6 for language 52
  31 for language 51
  76 for language 50
  109 for language 49
  21 for language 48
  137 for language 47
  44 for language 46
  52 for language 45
  66 for language 44
  6 for language 43
  148 for language 42
  6 for language 41
  3 for language 40
  6 for language 39
  21 for language 37
  6 for language 36
  2 for language 35
  25 for language 34
  89 for language 33
  113 for language 32
  2 for language 31
  15 for language 30
  63 for language 29
  78 for language 28
  411 for language 27
  66 for language 26
  229 for language 25
  185 for language 24
  12 for language 23
  38 for language 22
  60 for language 21
  43 for language 20
  38 for language 19
  77 for language 17
  27 for language 16
  409 for language 15
  248 for language 14
  105 for language 13
  7 for language 12
  12 for language 11
  23 for language 10
  145 for language 9
  138 for language 8
  377 for language 7
  119 for language 6
  183 for language 5
  147 for language 4
  411 for language 3
  40 for language 2
  852 for language 1
  181 for language 0
No pages of output.
