[[0;1;31mFAILED[0m] Failed to start Raise network interfaces.
See 'systemctl status networking.service' for details.
[[0;32m  OK  [0m] Stopped NVIDIA Persistence Daemon.
[[0;32m  OK  [0m] Found device TOSHIBA_DT01ACA050 1.
         Activating swap /dev/disk/by-uuid/b8a31122-336b-4efa-b98a-d83e1d8aea67...
[[0;32m  OK  [0m] Activated swap /dev/disk/by-uuid/b8a31122-336b-4efa-b98a-d83e1d8aea67.
[[0;32m  OK  [0m] Reached target Swap.
[[0m[0;31m*     [0m] A start job is running for Create Volatile Files and Directories (6s / no limit)[K[[0;1;31m*[0m[0;31m*    [0m] A start job is running for Create Volatile Files and Directories (6s / no limit)[K[[0;31m*[0;1;31m*[0m[0;31m*   [0m] A start job is running for Create Volatile Files and Directories (7s / no limit)[K[ [0;31m*[0;1;31m*[0m[0;31m*  [0m] A start job is running for Create Volatile Files and Directories (7s / no limit)[K[  [0;31m*[0;1;31m*[0m[0;31m* [0m] A start job is running for Create Volatile Files and Directories (8s / no limit)[K[[0;32m  OK  [0m] Started Create Volatile Files and Directories.
         Starting Update UTMP about System Boot/Shutdown...
         Starting Network Time Synchronization...
[[0;32m  OK  [0m] Started Update UTMP about System Boot/Shutdown.
[[0;32m  OK  [0m] Started Network Time Synchronization.
[[0;32m  OK  [0m] Reached target System Initialization.
         Starting Socket activation for snappy daemon.
[[0;32m  OK  [0m] Started ACPI Events Check.
[[0;32m  OK  [0m] Started Daily Cleanup of Temporary Directories.
[[0;32m  OK  [0m] Listening on UUID daemon activation socket.
[[0;32m  OK  [0m] Listening on D-Bus System Message Bus Socket.
[[0;32m  OK  [0m] Listening on CUPS Scheduler.
[[0;32m  OK  [0m] Listening on RPCbind Server Activation Socket.
[[0;32m  OK  [0m] Started CUPS Scheduler.
[[0;32m  OK  [0m] Reached target Paths.
[[0;32m  OK  [0m] Listening on Avahi mDNS/DNS-SD Stack Activation Socket.
[[0;32m  OK  [0m] Listening on ACPID Listen Socket.
[[0;32m  OK  [0m] Reached target System Time Synchronized.
[[0;32m  OK  [0m] Started Timer to automatically refresh installed snaps.
[[0;32m  OK  [0m] Started Daily apt download activities.
[[0;32m  OK  [0m] Started Daily apt upgrade and clean activities.
[[0;32m  OK  [0m] Reached target Timers.
[[0;32m  OK  [0m] Listening on Socket activation for snappy daemon.
[[0;32m  OK  [0m] Reached target Sockets.
[[0;32m  OK  [0m] Reached target Basic System.
         Starting Modem Manager...
         Starting Avahi mDNS/DNS-SD Stack...
         Starting LSB: Record successful boot for GRUB...
         Starting Restore /etc/resolv.conf if the system crashed before the ppp link was shut down...
         Starting Detect the available GPUs and deal with any system changes...
         Starting System Logging Service...
         Starting IIO Sensor Proxy service...
[[0;32m  OK  [0m] Started Run anacron jobs.
[[0;32m  OK  [0m] Started D-Bus System Message Bus.
[[0;32m  OK  [0m] Started Avahi mDNS/DNS-SD Stack.
         Starting Network Manager...
[[0;32m  OK  [0m] Started CUPS Scheduler.
[[0;32m  OK  [0m] Started Make remote CUPS printers available locally.
         Starting Save/Restore Sound Card State...
[[0;32m  OK  [0m] Started Regular background program processing daemon.
         Starting Login Service...
[[0;32m  OK  [0m] Started ACPI event daemon.
         Starting Thermal Daemon Service...
         Starting Accounts Service...
         Starting Snappy daemon...
[[0;32m  OK  [0m] Started System Logging Service.
[[0;32m  OK  [0m] Started Restore /etc/resolv.conf if the system crashed before the ppp link was shut down.
[[0;32m  OK  [0m] Started Detect the available GPUs and deal with any system changes.
[[0;32m  OK  [0m] Started IIO Sensor Proxy service.
[[0;32m  OK  [0m] Started Save/Restore Sound Card State.
         Starting Authenticate and Authorize Users to Run Privileged Tasks...
[[0;32m  OK  [0m] Started Login Service.
[[0;32m  OK  [0m] Started LSB: Record successful boot for GRUB.
[[0;32m  OK  [0m] Started Authenticate and Authorize Users to Run Privileged Tasks.
[[0;32m  OK  [0m] Started Accounts Service.
[[0;32m  OK  [0m] Started Thermal Daemon Service.
[[0;32m  OK  [0m] Started Network Manager.
         Starting Network Manager Wait Online...
[[0;32m  OK  [0m] Reached target Network.
         Starting OpenBSD Secure Shell server...
[[0;32m  OK  [0m] Started Unattended Upgrades Shutdown.
         Starting Network Manager Script Dispatcher Service...
[[0;32m  OK  [0m] Started Modem Manager.
[[0;32m  OK  [0m] Started Network Manager Script Dispatcher Service.
         Starting Hostname Service...
[[0;32m  OK  [0m] Started Snappy daemon.
[[0;32m  OK  [0m] Started Hostname Service.
[[0;32m  OK  [0m] Started OpenBSD Secure Shell server.
[[0;32m  OK  [0m] Started Network Manager Wait Online.
[[0;32m  OK  [0m] Reached target Network is Online.
         Mounting /home...
         Mounting /tools...
[[0;32m  OK  [0m] Started crash report submission daemon.
         Mounting /original...
         Starting /etc/rc.local Compatibility...
         Mounting /data...
         Mounting /scratch...
[[0;32m  OK  [0m] Reached target Host and Network Name Lookups.
         Starting NFS status monitor for NFSv2/3 locking....
         Starting Notify NFS peers of a restart...
         Starting RPC bind portmap service...
[[0;32m  OK  [0m] Started Notify NFS peers of a restart.
[[0;32m  OK  [0m] Started RPC bind portmap service.
[[0;32m  OK  [0m] Started NFS status monitor for NFSv2/3 locking..
[[0;32m  OK  [0m] Reached target RPC Port Mapper.
[[0;32m  OK  [0m] Mounted /data.
[[0;32m  OK  [0m] Mounted /tools.
[[0;32m  OK  [0m] Mounted /scratch.
[[0;32m  OK  [0m] Mounted /original.
[[0;32m  OK  [0m] Mounted /home.
[[0;32m  OK  [0m] Reached target Remote File Systems.
         Starting ganglia-monitor.service...
         Starting LSB: Speech Dispatcher...
         Starting LSB: SGE Execution Daemon init script...
         Starting LSB: Start NIS client and server daemons....
         Starting LSB: daemon to balance interrupts for SMP systems...
         Starting LSB: relay-only mail transport agent...
         Starting LSB: Set the CPU Frequency Scaling governor to "ondemand"...
         Starting Permit User Sessions...
         Starting LSB: automatic crash report generation...
[   42.480698] rc.local[1126]: mount.nfs: /original is busy or already mounted
[   42.500439] rc.local[1126]: mount.nfs: /data is busy or already mounted
[   42.524422] rc.local[1126]: mount.nfs: /scratch is busy or already mounted
[[0;1;31mFAILED[0m] Failed to start /etc/rc.local Compatibility.
See 'systemctl status rc-local.service' for details.
[[0;32m  OK  [0m] Started LSB: Speech Dispatcher.
[[0;32m  OK  [0m] Started LSB: Set the CPU Frequency Scaling governor to "ondemand".
[[0;32m  OK  [0m] Started LSB: daemon to balance interrupts for SMP systems.
[[0;32m  OK  [0m] Started Permit User Sessions.
         Starting Simple Desktop Display Manager...
         Starting Set console scheme...
[[0;32m  OK  [0m] Started Getty on tty1.
[[0;32m  OK  [0m] Reached target Login Prompts.
         Starting Terminate Plymouth Boot Screen...
[[0;32m  OK  [0m] Started Simple Desktop Display Manager.
