log_file: /var/log/gpu-manager.log
last_boot_file: /var/lib/ubuntu-drivers-common/last_gfx_boot
new_boot_file: /var/lib/ubuntu-drivers-common/last_gfx_boot
can't access /run/u-d-c-fglrx-was-loaded file
Looking for fglrx modules in /lib/modules/4.4.0-116-generic/updates/dkms
Looking for nvidia modules in /lib/modules/4.4.0-116-generic/updates/dkms
Found nvidia module: nvidia_384_drm.ko
Is nvidia loaded? yes
Was nvidia unloaded? no
Is nvidia blacklisted? no
Is fglrx loaded? no
Was fglrx unloaded? no
Is fglrx blacklisted? no
Is intel loaded? yes
Is radeon loaded? no
Is radeon blacklisted? no
Is amdgpu loaded? no
Is amdgpu blacklisted? no
Is nouveau loaded? no
Is nouveau blacklisted? yes
Is fglrx kernel module available? no
Is nvidia kernel module available? yes
Vendor/Device Id: 8086:1912
BusID "PCI:0@0:2:0"
Is boot vga? yes
Vendor/Device Id: 10de:17c2
BusID "PCI:1@0:0:0"
Is boot vga? no
Skipping "/dev/dri/card1", driven by "i915_bpo"
Skipping "/dev/dri/card0", driven by "nvidia-drm"
Skipping "/dev/dri/card1", driven by "i915_bpo"
Skipping "/dev/dri/card0", driven by "nvidia-drm"
Skipping "/dev/dri/card1", driven by "i915_bpo"
Skipping "/dev/dri/card0", driven by "nvidia-drm"
Found "/dev/dri/card1", driven by "i915_bpo"
output 0:
	card1-HDMI-A-1
Number of connected outputs for /dev/dri/card1: 1
Does it require offloading? yes
last cards number = 2
Has amd? no
Has intel? yes
Has nvidia? yes
How many cards? 2
Has the system changed? No
main_arch_path x86_64-linux-gnu, other_arch_path i386-linux-gnu
Current alternative: /usr/lib/nvidia-384/ld.so.conf
Current core alternative: (null)
Current egl alternative: /usr/lib/nvidia-384/ld.so.conf
Is nvidia enabled? yes
Is nvidia egl enabled? yes
Is fglrx enabled? no
Is mesa enabled? no
Is mesa egl enabled? no
Is pxpress enabled? no
Is prime enabled? no
Is prime egl enabled? no
Is nvidia available? yes
Is nvidia egl available? no
Is fglrx available? no
Is fglrx-core available? no
Is mesa available? yes
Is mesa egl available? yes
Is pxpress available? no
Is prime available? yes
Is prime egl available? no
Intel IGP detected
Intel hybrid system
can't access /usr/share/gpu-manager.d/force-dgpu-on file
force-dgpu-on hook off
Nvidia driver version 384.130 detected
/sys/class/dmi/id/product_version="To Be Filled By O.E.M."
/sys/class/dmi/id/product_name="To Be Filled By O.E.M."
1st try: bbswitch without quirks
Loading bbswitch with "load_state=-1 unload_state=1" parameters
2nd try: bbswitch with quirks
Loading bbswitch with "load_state=-1 unload_state=1 skip_optimus_dsm=1" parameters
Warning: can't load bbswitch, switching between GPUs won't work
can't access /usr/share/gpu-manager.d/hybrid-performance
intel_matches: 1, nvidia_matches: 1, intel_set: 1, nvidia_set: 1 x_options_matches: 4, accel_method_matches: 1
No need to modify xorg.conf. Path: /etc/X11/xorg.conf
No need to change the current bbswitch status
