[3002838.072] (--) Log file renamed from "/var/log/Xorg.pid-24501.log" to "/var/log/Xorg.0.log"
[3002838.074] 
X.Org X Server 1.18.4
Release Date: 2016-07-19
[3002838.074] X Protocol Version 11, Revision 0
[3002838.074] Build Operating System: Linux 4.4.0-97-generic x86_64 Ubuntu
[3002838.074] Current Operating System: Linux im74 4.4.0-116-generic #140-Ubuntu SMP Mon Feb 12 21:23:04 UTC 2018 x86_64
[3002838.074] Kernel command line: BOOT_IMAGE=/boot/vmlinuz-4.4.0-116-generic root=UUID=92aa18d8-7439-4ec4-a24b-2c3be731fb3c ro quiet splash vt.handoff=7
[3002838.074] Build Date: 13 October 2017  01:57:05PM
[3002838.074] xorg-server 2:1.18.4-0ubuntu0.7 (For technical support please see http://www.ubuntu.com/support) 
[3002838.074] Current version of pixman: 0.33.6
[3002838.074] 	Before reporting problems, check http://wiki.x.org
	to make sure that you have the latest version.
[3002838.074] Markers: (--) probed, (**) from config file, (==) default setting,
	(++) from command line, (!!) notice, (II) informational,
	(WW) warning, (EE) error, (NI) not implemented, (??) unknown.
[3002838.074] (==) Log file: "/var/log/Xorg.0.log", Time: Wed May  9 11:16:09 2018
[3002838.074] (==) Using config file: "/etc/X11/xorg.conf"
[3002838.074] (==) Using system config directory "/usr/share/X11/xorg.conf.d"
[3002838.172] (==) ServerLayout "layout"
[3002838.172] (**) |-->Screen "nvidia" (0)
[3002838.172] (**) |   |-->Monitor "<default monitor>"
[3002838.172] (**) |   |-->Device "nvidia"
[3002838.172] (**) |   |-->GPUDevice "nvidia"
[3002838.172] (==) No monitor specified for screen "nvidia".
	Using a default monitor configuration.
[3002838.172] (**) |-->Inactive Device "intel"
[3002838.172] (==) Automatically adding devices
[3002838.172] (==) Automatically enabling devices
[3002838.172] (==) Automatically adding GPU devices
[3002838.172] (==) Max clients allowed: 256, resource mask: 0x1fffff
[3002838.172] (WW) The directory "/usr/share/fonts/X11/cyrillic" does not exist.
[3002838.173] 	Entry deleted from font path.
[3002838.173] (WW) The directory "/usr/share/fonts/X11/75dpi/" does not exist.
[3002838.173] 	Entry deleted from font path.
[3002838.173] (WW) The directory "/usr/share/fonts/X11/75dpi" does not exist.
[3002838.173] 	Entry deleted from font path.
[3002838.173] (==) FontPath set to:
	/usr/share/fonts/X11/misc,
	/usr/share/fonts/X11/100dpi/:unscaled,
	/usr/share/fonts/X11/Type1,
	/usr/share/fonts/X11/100dpi,
	built-ins
[3002838.173] (==) ModulePath set to "/usr/lib/x86_64-linux-gnu/xorg/extra-modules,/usr/lib/xorg/extra-modules,/usr/lib/xorg/modules"
[3002838.173] (II) The server relies on udev to provide the list of input devices.
	If no devices become available, reconfigure udev or disable AutoAddDevices.
[3002838.173] (II) Loader magic: 0x559e2b1fbdc0
[3002838.173] (II) Module ABI versions:
[3002838.173] 	X.Org ANSI C Emulation: 0.4
[3002838.173] 	X.Org Video Driver: 20.0
[3002838.173] 	X.Org XInput driver : 22.1
[3002838.173] 	X.Org Server Extension : 9.0
[3002838.174] (++) using VT number 7

[3002838.174] (II) systemd-logind: logind integration requires -keeptty and -keeptty was not provided, disabling logind integration
[3002838.175] (II) xfree86: Adding drm device (/dev/dri/card0)
[3002838.176] (II) xfree86: Adding drm device (/dev/dri/card1)
[3002838.178] (--) PCI:*(0:0:2:0) 8086:1912:1849:1912 rev 6, Mem @ 0xdd000000/16777216, 0xb0000000/268435456, I/O @ 0x0000f000/64
[3002838.178] (--) PCI: (0:1:0:0) 10de:17c2:10de:1132 rev 161, Mem @ 0xde000000/16777216, 0xc0000000/268435456, 0xd0000000/33554432, I/O @ 0x0000e000/128, BIOS @ 0x????????/524288
[3002838.179] (WW) "glamoregl" will not be loaded unless you've specified it to be loaded elsewhere.
[3002838.179] (II) "glx" will be loaded by default.
[3002838.179] (II) LoadModule: "glx"
[3002838.198] (II) Loading /usr/lib/x86_64-linux-gnu/xorg/extra-modules/libglx.so
[3002838.311] (II) Module glx: vendor="NVIDIA Corporation"
[3002838.311] 	compiled for 4.0.2, module version = 1.0.0
[3002838.311] 	Module class: X.Org Server Extension
[3002838.319] (II) NVIDIA GLX Module  384.130  Wed Mar 21 02:54:48 PDT 2018
[3002838.319] (II) LoadModule: "nvidia"
[3002838.319] (II) Loading /usr/lib/x86_64-linux-gnu/xorg/extra-modules/nvidia_drv.so
[3002838.337] (II) Module nvidia: vendor="NVIDIA Corporation"
[3002838.337] 	compiled for 4.0.2, module version = 1.0.0
[3002838.337] 	Module class: X.Org Video Driver
[3002838.337] (II) LoadModule: "modesetting"
[3002838.358] (II) Loading /usr/lib/xorg/modules/drivers/modesetting_drv.so
[3002838.359] (II) Module modesetting: vendor="X.Org Foundation"
[3002838.359] 	compiled for 1.18.4, module version = 1.18.4
[3002838.359] 	Module class: X.Org Video Driver
[3002838.359] 	ABI class: X.Org Video Driver, version 20.0
[3002838.359] (II) NVIDIA dlloader X Driver  384.130  Wed Mar 21 02:29:29 PDT 2018
[3002838.359] (II) NVIDIA Unified Driver for all Supported NVIDIA GPUs
[3002838.359] (II) modesetting: Driver for Modesetting Kernel Drivers: kms
[3002838.359] (II) Loading sub module "fb"
[3002838.359] (II) LoadModule: "fb"
[3002838.360] (II) Loading /usr/lib/xorg/modules/libfb.so
[3002838.360] (II) Module fb: vendor="X.Org Foundation"
[3002838.360] 	compiled for 1.18.4, module version = 1.0.0
[3002838.360] 	ABI class: X.Org ANSI C Emulation, version 0.4
[3002838.360] (II) Loading sub module "wfb"
[3002838.360] (II) LoadModule: "wfb"
[3002838.360] (II) Loading /usr/lib/xorg/modules/libwfb.so
[3002838.361] (II) Module wfb: vendor="X.Org Foundation"
[3002838.361] 	compiled for 1.18.4, module version = 1.0.0
[3002838.361] 	ABI class: X.Org ANSI C Emulation, version 0.4
[3002838.361] (II) Loading sub module "ramdac"
[3002838.361] (II) LoadModule: "ramdac"
[3002838.361] (II) Module "ramdac" already built-in
[3002838.362] (II) modeset(G0): using drv /dev/dri/card1
[3002838.362] (II) NVIDIA(0): Creating default Display subsection in Screen section
	"nvidia" for depth/fbbpp 24/32
[3002838.362] (==) NVIDIA(0): Depth 24, (==) framebuffer bpp 32
[3002838.362] (==) NVIDIA(0): RGB weight 888
[3002838.362] (==) NVIDIA(0): Default visual is TrueColor
[3002838.362] (==) NVIDIA(0): Using gamma correction (1.0, 1.0, 1.0)
[3002838.362] (**) NVIDIA(0): Option "ConstrainCursor" "off"
[3002838.362] (**) NVIDIA(0): Option "AllowEmptyInitialConfiguration" "on"
[3002838.362] (**) NVIDIA(0): Option "IgnoreDisplayDevices" "CRT"
[3002838.363] (**) NVIDIA(0): Enabling 2D acceleration
[3002838.393] (--) NVIDIA(0): Valid display device(s) on GPU-0 at PCI:1:0:0
[3002838.393] (--) NVIDIA(0):     DFP-0
[3002838.393] (--) NVIDIA(0):     DFP-1
[3002838.393] (--) NVIDIA(0):     DFP-2
[3002838.393] (--) NVIDIA(0):     DFP-3
[3002838.393] (--) NVIDIA(0):     DFP-4
[3002838.393] (--) NVIDIA(0):     DFP-5
[3002838.393] (--) NVIDIA(0):     DFP-6
[3002838.393] (--) NVIDIA(0):     DFP-7
[3002838.395] (II) NVIDIA(0): NVIDIA GPU GeForce GTX TITAN X (GM200-A) at PCI:1:0:0 (GPU-0)
[3002838.395] (--) NVIDIA(0): Memory: 12582912 kBytes
[3002838.395] (--) NVIDIA(0): VideoBIOS: 84.00.45.00.03
[3002838.395] (II) NVIDIA(0): Detected PCI Express Link width: 16X
[3002838.397] (--) NVIDIA(GPU-0): DFP-0: disconnected
[3002838.397] (--) NVIDIA(GPU-0): DFP-0: Internal TMDS
[3002838.397] (--) NVIDIA(GPU-0): DFP-0: 330.0 MHz maximum pixel clock
[3002838.397] (--) NVIDIA(GPU-0): 
[3002838.397] (--) NVIDIA(GPU-0): DFP-1: disconnected
[3002838.397] (--) NVIDIA(GPU-0): DFP-1: Internal TMDS
[3002838.397] (--) NVIDIA(GPU-0): DFP-1: 165.0 MHz maximum pixel clock
[3002838.397] (--) NVIDIA(GPU-0): 
[3002838.397] (--) NVIDIA(GPU-0): DFP-2: disconnected
[3002838.397] (--) NVIDIA(GPU-0): DFP-2: Internal DisplayPort
[3002838.397] (--) NVIDIA(GPU-0): DFP-2: 960.0 MHz maximum pixel clock
[3002838.397] (--) NVIDIA(GPU-0): 
[3002838.397] (--) NVIDIA(GPU-0): DFP-3: disconnected
[3002838.398] (--) NVIDIA(GPU-0): DFP-3: Internal TMDS
[3002838.398] (--) NVIDIA(GPU-0): DFP-3: 165.0 MHz maximum pixel clock
[3002838.398] (--) NVIDIA(GPU-0): 
[3002838.398] (--) NVIDIA(GPU-0): DFP-4: disconnected
[3002838.398] (--) NVIDIA(GPU-0): DFP-4: Internal DisplayPort
[3002838.398] (--) NVIDIA(GPU-0): DFP-4: 960.0 MHz maximum pixel clock
[3002838.398] (--) NVIDIA(GPU-0): 
[3002838.398] (--) NVIDIA(GPU-0): DFP-5: disconnected
[3002838.398] (--) NVIDIA(GPU-0): DFP-5: Internal TMDS
[3002838.398] (--) NVIDIA(GPU-0): DFP-5: 165.0 MHz maximum pixel clock
[3002838.398] (--) NVIDIA(GPU-0): 
[3002838.398] (--) NVIDIA(GPU-0): DFP-6: disconnected
[3002838.398] (--) NVIDIA(GPU-0): DFP-6: Internal DisplayPort
[3002838.398] (--) NVIDIA(GPU-0): DFP-6: 960.0 MHz maximum pixel clock
[3002838.398] (--) NVIDIA(GPU-0): 
[3002838.398] (--) NVIDIA(GPU-0): DFP-7: disconnected
[3002838.398] (--) NVIDIA(GPU-0): DFP-7: Internal TMDS
[3002838.398] (--) NVIDIA(GPU-0): DFP-7: 165.0 MHz maximum pixel clock
[3002838.398] (--) NVIDIA(GPU-0): 
[3002838.398] (==) NVIDIA(0): 
[3002838.398] (==) NVIDIA(0): No modes were requested; the default mode "nvidia-auto-select"
[3002838.398] (==) NVIDIA(0):     will be used as the requested mode.
[3002838.398] (==) NVIDIA(0): 
[3002838.398] (--) NVIDIA(0): No enabled display devices found; starting anyway because
[3002838.398] (--) NVIDIA(0):     AllowEmptyInitialConfiguration is enabled
[3002838.398] (II) NVIDIA(0): Validated MetaModes:
[3002838.398] (II) NVIDIA(0):     "NULL"
[3002838.398] (II) NVIDIA(0): Virtual screen size determined to be 640 x 480
[3002838.398] (WW) NVIDIA(0): Unable to get display device for DPI computation.
[3002838.398] (==) NVIDIA(0): DPI set to (75, 75); computed from built-in default
[3002838.399] (==) modeset(G0): Depth 24, (==) framebuffer bpp 32
[3002838.399] (**) modeset(G0): Option "AccelMethod" "None"
[3002838.399] (==) modeset(G0): RGB weight 888
[3002838.399] (==) modeset(G0): Default visual is TrueColor
[3002838.399] (**) modeset(G0): glamor disabled
[3002838.399] (II) modeset(G0): ShadowFB: preferred YES, enabled YES
[3002838.412] (II) modeset(G0): Output HDMI-1-1 has no monitor section
[3002838.413] (II) modeset(G0): Output DP-1-1 has no monitor section
[3002838.426] (II) modeset(G0): EDID for output HDMI-1-1
[3002838.426] (II) modeset(G0): Manufacturer: SAM  Model: 1b9  Serial#: 1212231991
[3002838.426] (II) modeset(G0): Year: 2006  Week: 37
[3002838.426] (II) modeset(G0): EDID Version: 1.3
[3002838.426] (II) modeset(G0): Digital Display Input
[3002838.426] (II) modeset(G0): Max Image Size [cm]: horiz.: 34  vert.: 27
[3002838.426] (II) modeset(G0): Gamma: 2.20
[3002838.426] (II) modeset(G0): DPMS capabilities: Off
[3002838.426] (II) modeset(G0): Supported color encodings: RGB 4:4:4 YCrCb 4:4:4 
[3002838.426] (II) modeset(G0): First detailed timing is preferred mode
[3002838.426] (II) modeset(G0): redX: 0.650 redY: 0.330   greenX: 0.330 greenY: 0.600
[3002838.426] (II) modeset(G0): blueX: 0.150 blueY: 0.080   whiteX: 0.313 whiteY: 0.329
[3002838.426] (II) modeset(G0): Supported established timings:
[3002838.426] (II) modeset(G0): 720x400@70Hz
[3002838.426] (II) modeset(G0): 640x480@60Hz
[3002838.426] (II) modeset(G0): 640x480@67Hz
[3002838.426] (II) modeset(G0): 640x480@72Hz
[3002838.426] (II) modeset(G0): 640x480@75Hz
[3002838.426] (II) modeset(G0): 800x600@56Hz
[3002838.426] (II) modeset(G0): 800x600@60Hz
[3002838.427] (II) modeset(G0): 800x600@72Hz
[3002838.427] (II) modeset(G0): 800x600@75Hz
[3002838.427] (II) modeset(G0): 832x624@75Hz
[3002838.427] (II) modeset(G0): 1024x768@60Hz
[3002838.427] (II) modeset(G0): 1024x768@70Hz
[3002838.427] (II) modeset(G0): 1024x768@75Hz
[3002838.427] (II) modeset(G0): 1280x1024@75Hz
[3002838.427] (II) modeset(G0): 1152x864@75Hz
[3002838.427] (II) modeset(G0): Manufacturer's mask: 0
[3002838.427] (II) modeset(G0): Supported standard timings:
[3002838.427] (II) modeset(G0): #0: hsize: 1280  vsize 1024  refresh: 60  vid: 32897
[3002838.427] (II) modeset(G0): #1: hsize: 1280  vsize 960  refresh: 60  vid: 16513
[3002838.427] (II) modeset(G0): #2: hsize: 1152  vsize 864  refresh: 75  vid: 20337
[3002838.427] (II) modeset(G0): Supported detailed timing:
[3002838.427] (II) modeset(G0): clock: 108.0 MHz   Image Size:  338 x 270 mm
[3002838.427] (II) modeset(G0): h_active: 1280  h_sync: 1328  h_sync_end 1440 h_blank_end 1688 h_border: 0
[3002838.427] (II) modeset(G0): v_active: 1024  v_sync: 1025  v_sync_end 1028 v_blanking: 1066 v_border: 0
[3002838.427] (II) modeset(G0): Ranges: V min: 56 V max: 75 Hz, H min: 30 H max: 81 kHz, PixClock max 145 MHz
[3002838.427] (II) modeset(G0): Monitor name: SyncMaster
[3002838.427] (II) modeset(G0): Serial No: HMEL927213
[3002838.427] (II) modeset(G0): EDID (in hex):
[3002838.427] (II) modeset(G0): 	00ffffffffffff004c2db90137314148
[3002838.427] (II) modeset(G0): 	2510010380221b782aaaa5a654549926
[3002838.427] (II) modeset(G0): 	145054bfef8081808140714f01010101
[3002838.427] (II) modeset(G0): 	010101010101302a009851002a403070
[3002838.427] (II) modeset(G0): 	1300520e1100001e000000fd00384b1e
[3002838.427] (II) modeset(G0): 	510e000a202020202020000000fc0053
[3002838.427] (II) modeset(G0): 	796e634d61737465720a2020000000ff
[3002838.427] (II) modeset(G0): 	00484d454c3932373231330a202000d0
[3002838.427] (II) modeset(G0): Printing probed modes for output HDMI-1-1
[3002838.427] (II) modeset(G0): Modeline "1280x1024"x60.0  108.00  1280 1328 1440 1688  1024 1025 1028 1066 +hsync +vsync (64.0 kHz eP)
[3002838.427] (II) modeset(G0): Modeline "1280x1024"x75.0  135.00  1280 1296 1440 1688  1024 1025 1028 1066 +hsync +vsync (80.0 kHz e)
[3002838.427] (II) modeset(G0): Modeline "1280x960"x60.0  108.00  1280 1376 1488 1800  960 961 964 1000 +hsync +vsync (60.0 kHz e)
[3002838.427] (II) modeset(G0): Modeline "1152x864"x75.0  108.00  1152 1216 1344 1600  864 865 868 900 +hsync +vsync (67.5 kHz e)
[3002838.427] (II) modeset(G0): Modeline "1024x768"x75.1   78.80  1024 1040 1136 1312  768 769 772 800 +hsync +vsync (60.1 kHz e)
[3002838.427] (II) modeset(G0): Modeline "1024x768"x70.1   75.00  1024 1048 1184 1328  768 771 777 806 -hsync -vsync (56.5 kHz e)
[3002838.427] (II) modeset(G0): Modeline "1024x768"x60.0   65.00  1024 1048 1184 1344  768 771 777 806 -hsync -vsync (48.4 kHz e)
[3002838.427] (II) modeset(G0): Modeline "832x624"x74.6   57.28  832 864 928 1152  624 625 628 667 -hsync -vsync (49.7 kHz e)
[3002838.427] (II) modeset(G0): Modeline "800x600"x72.2   50.00  800 856 976 1040  600 637 643 666 +hsync +vsync (48.1 kHz e)
[3002838.427] (II) modeset(G0): Modeline "800x600"x75.0   49.50  800 816 896 1056  600 601 604 625 +hsync +vsync (46.9 kHz e)
[3002838.427] (II) modeset(G0): Modeline "800x600"x60.3   40.00  800 840 968 1056  600 601 605 628 +hsync +vsync (37.9 kHz e)
[3002838.427] (II) modeset(G0): Modeline "800x600"x56.2   36.00  800 824 896 1024  600 601 603 625 +hsync +vsync (35.2 kHz e)
[3002838.427] (II) modeset(G0): Modeline "640x480"x75.0   31.50  640 656 720 840  480 481 484 500 -hsync -vsync (37.5 kHz e)
[3002838.427] (II) modeset(G0): Modeline "640x480"x72.8   31.50  640 664 704 832  480 489 491 520 -hsync -vsync (37.9 kHz e)
[3002838.427] (II) modeset(G0): Modeline "640x480"x66.7   30.24  640 704 768 864  480 483 486 525 -hsync -vsync (35.0 kHz e)
[3002838.427] (II) modeset(G0): Modeline "640x480"x60.0   25.20  640 656 752 800  480 490 492 525 -hsync -vsync (31.5 kHz e)
[3002838.427] (II) modeset(G0): Modeline "720x400"x70.1   28.32  720 738 846 900  400 412 414 449 -hsync +vsync (31.5 kHz e)
[3002838.427] (II) modeset(G0): EDID for output DP-1-1
[3002838.427] (II) modeset(G0): Using default gamma of (1.0, 1.0, 1.0) unless otherwise stated.
[3002838.427] (==) modeset(G0): DPI set to (96, 96)
[3002838.427] (II) Loading sub module "fb"
[3002838.427] (II) LoadModule: "fb"
[3002838.427] (II) Loading /usr/lib/xorg/modules/libfb.so
[3002838.427] (II) Module fb: vendor="X.Org Foundation"
[3002838.427] 	compiled for 1.18.4, module version = 1.0.0
[3002838.427] 	ABI class: X.Org ANSI C Emulation, version 0.4
[3002838.427] (II) Loading sub module "shadow"
[3002838.427] (II) LoadModule: "shadow"
[3002838.427] (II) Loading /usr/lib/xorg/modules/libshadow.so
[3002838.427] (II) Module shadow: vendor="X.Org Foundation"
[3002838.427] 	compiled for 1.18.4, module version = 1.1.0
[3002838.427] 	ABI class: X.Org ANSI C Emulation, version 0.4
[3002838.427] (--) Depth 24 pixmap format is 32 bpp
[3002838.427] (==) modeset(G0): Backing store enabled
[3002838.427] (==) modeset(G0): Silken mouse enabled
[3002838.427] (II) modeset(G0): RandR 1.2 enabled, ignore the following RandR disabled message.
[3002838.468] (==) modeset(G0): DPMS enabled
[3002838.468] (WW) modeset(G0): Option "AllowEmptyInitialConfiguration" is not used
[3002838.468] (WW) modeset(G0): Option "IgnoreDisplayDevices" is not used
[3002838.505] (II) NVIDIA: Using 6144.00 MB of virtual memory for indirect memory
[3002838.505] (II) NVIDIA:     access.
[3002838.600] (II) NVIDIA(0): Setting mode "NULL"
[3002838.607] (==) NVIDIA(0): Disabling shared memory pixmaps
[3002838.607] (==) NVIDIA(0): Backing store enabled
[3002838.607] (==) NVIDIA(0): Silken mouse enabled
[3002838.607] (==) NVIDIA(0): DPMS enabled
[3002838.607] (II) Loading sub module "dri2"
[3002838.607] (II) LoadModule: "dri2"
[3002838.607] (II) Module "dri2" already built-in
[3002838.607] (II) NVIDIA(0): [DRI2] Setup complete
[3002838.607] (II) NVIDIA(0): [DRI2]   VDPAU driver: nvidia
[3002838.607] (--) RandR disabled
[3002838.610] (II) SELinux: Disabled on system
[3002838.611] (II) Initializing extension GLX
[3002838.611] (II) Indirect GLX disabled.
[3002838.611] (II) modeset(G0): Damage tracking initialized
[3002838.704] (II) config/udev: Adding input device Power Button (/dev/input/event2)
[3002838.704] (**) Power Button: Applying InputClass "evdev keyboard catchall"
[3002838.704] (II) LoadModule: "evdev"
[3002838.704] (II) Loading /usr/lib/xorg/modules/input/evdev_drv.so
[3002838.704] (II) Module evdev: vendor="X.Org Foundation"
[3002838.704] 	compiled for 1.18.1, module version = 2.10.1
[3002838.704] 	Module class: X.Org XInput Driver
[3002838.704] 	ABI class: X.Org XInput driver, version 22.1
[3002838.704] (II) Using input driver 'evdev' for 'Power Button'
[3002838.704] (**) Power Button: always reports core events
[3002838.704] (**) evdev: Power Button: Device: "/dev/input/event2"
[3002838.704] (--) evdev: Power Button: Vendor 0 Product 0x1
[3002838.704] (--) evdev: Power Button: Found keys
[3002838.704] (II) evdev: Power Button: Configuring as keyboard
[3002838.704] (**) Option "config_info" "udev:/sys/devices/LNXSYSTM:00/LNXPWRBN:00/input/input2/event2"
[3002838.704] (II) XINPUT: Adding extended input device "Power Button" (type: KEYBOARD, id 6)
[3002838.704] (**) Option "xkb_rules" "evdev"
[3002838.704] (**) Option "xkb_model" "pc105"
[3002838.704] (**) Option "xkb_layout" "de"
[3002838.719] (II) config/udev: Adding input device Video Bus (/dev/input/event3)
[3002838.719] (**) Video Bus: Applying InputClass "evdev keyboard catchall"
[3002838.719] (II) Using input driver 'evdev' for 'Video Bus'
[3002838.719] (**) Video Bus: always reports core events
[3002838.719] (**) evdev: Video Bus: Device: "/dev/input/event3"
[3002838.719] (--) evdev: Video Bus: Vendor 0 Product 0x6
[3002838.719] (--) evdev: Video Bus: Found keys
[3002838.719] (II) evdev: Video Bus: Configuring as keyboard
[3002838.719] (**) Option "config_info" "udev:/sys/devices/LNXSYSTM:00/LNXSYBUS:00/PNP0A08:00/LNXVIDEO:00/input/input6/event3"
[3002838.719] (II) XINPUT: Adding extended input device "Video Bus" (type: KEYBOARD, id 7)
[3002838.719] (**) Option "xkb_rules" "evdev"
[3002838.719] (**) Option "xkb_model" "pc105"
[3002838.719] (**) Option "xkb_layout" "de"
[3002838.719] (II) config/udev: Adding input device Power Button (/dev/input/event1)
[3002838.719] (**) Power Button: Applying InputClass "evdev keyboard catchall"
[3002838.719] (II) Using input driver 'evdev' for 'Power Button'
[3002838.719] (**) Power Button: always reports core events
[3002838.719] (**) evdev: Power Button: Device: "/dev/input/event1"
[3002838.719] (--) evdev: Power Button: Vendor 0 Product 0x1
[3002838.719] (--) evdev: Power Button: Found keys
[3002838.719] (II) evdev: Power Button: Configuring as keyboard
[3002838.719] (**) Option "config_info" "udev:/sys/devices/LNXSYSTM:00/LNXSYBUS:00/PNP0C0C:00/input/input1/event1"
[3002838.719] (II) XINPUT: Adding extended input device "Power Button" (type: KEYBOARD, id 8)
[3002838.719] (**) Option "xkb_rules" "evdev"
[3002838.719] (**) Option "xkb_model" "pc105"
[3002838.719] (**) Option "xkb_layout" "de"
[3002838.720] (II) config/udev: Adding input device Sleep Button (/dev/input/event0)
[3002838.720] (**) Sleep Button: Applying InputClass "evdev keyboard catchall"
[3002838.720] (II) Using input driver 'evdev' for 'Sleep Button'
[3002838.720] (**) Sleep Button: always reports core events
[3002838.720] (**) evdev: Sleep Button: Device: "/dev/input/event0"
[3002838.720] (--) evdev: Sleep Button: Vendor 0 Product 0x3
[3002838.720] (--) evdev: Sleep Button: Found keys
[3002838.720] (II) evdev: Sleep Button: Configuring as keyboard
[3002838.720] (**) Option "config_info" "udev:/sys/devices/LNXSYSTM:00/LNXSYBUS:00/PNP0C0E:00/input/input0/event0"
[3002838.720] (II) XINPUT: Adding extended input device "Sleep Button" (type: KEYBOARD, id 9)
[3002838.720] (**) Option "xkb_rules" "evdev"
[3002838.720] (**) Option "xkb_model" "pc105"
[3002838.720] (**) Option "xkb_layout" "de"
[3002838.721] (II) config/udev: Adding input device HDA NVidia HDMI/DP,pcm=3 (/dev/input/event7)
[3002838.721] (II) No input driver specified, ignoring this device.
[3002838.721] (II) This device may have been added with another device file.
[3002838.721] (II) config/udev: Adding input device HDA NVidia HDMI/DP,pcm=7 (/dev/input/event8)
[3002838.721] (II) No input driver specified, ignoring this device.
[3002838.721] (II) This device may have been added with another device file.
[3002838.721] (II) config/udev: Adding input device HDA NVidia HDMI/DP,pcm=8 (/dev/input/event9)
[3002838.721] (II) No input driver specified, ignoring this device.
[3002838.721] (II) This device may have been added with another device file.
[3002838.721] (II) config/udev: Adding input device HDA NVidia HDMI/DP,pcm=9 (/dev/input/event10)
[3002838.721] (II) No input driver specified, ignoring this device.
[3002838.721] (II) This device may have been added with another device file.
[3002838.722] (II) config/udev: Adding input device Dell Dell USB Keyboard (/dev/input/event5)
[3002838.722] (**) Dell Dell USB Keyboard: Applying InputClass "evdev keyboard catchall"
[3002838.722] (II) Using input driver 'evdev' for 'Dell Dell USB Keyboard'
[3002838.722] (**) Dell Dell USB Keyboard: always reports core events
[3002838.722] (**) evdev: Dell Dell USB Keyboard: Device: "/dev/input/event5"
[3002838.722] (--) evdev: Dell Dell USB Keyboard: Vendor 0x413c Product 0x2010
[3002838.722] (--) evdev: Dell Dell USB Keyboard: Found keys
[3002838.722] (II) evdev: Dell Dell USB Keyboard: Configuring as keyboard
[3002838.722] (**) Option "config_info" "udev:/sys/devices/pci0000:00/0000:00:14.0/usb1/1-6/1-6.1/1-6.1:1.0/0003:413C:2010.0002/input/input8/event5"
[3002838.722] (II) XINPUT: Adding extended input device "Dell Dell USB Keyboard" (type: KEYBOARD, id 10)
[3002838.722] (**) Option "xkb_rules" "evdev"
[3002838.722] (**) Option "xkb_model" "pc105"
[3002838.722] (**) Option "xkb_layout" "de"
[3002838.723] (II) config/udev: Adding input device Dell Dell USB Keyboard (/dev/input/event6)
[3002838.723] (**) Dell Dell USB Keyboard: Applying InputClass "evdev keyboard catchall"
[3002838.723] (II) Using input driver 'evdev' for 'Dell Dell USB Keyboard'
[3002838.723] (**) Dell Dell USB Keyboard: always reports core events
[3002838.723] (**) evdev: Dell Dell USB Keyboard: Device: "/dev/input/event6"
[3002838.723] (--) evdev: Dell Dell USB Keyboard: Vendor 0x413c Product 0x2010
[3002838.723] (--) evdev: Dell Dell USB Keyboard: Found absolute axes
[3002838.723] (II) evdev: Dell Dell USB Keyboard: Forcing absolute x/y axes to exist.
[3002838.723] (--) evdev: Dell Dell USB Keyboard: Found keys
[3002838.723] (II) evdev: Dell Dell USB Keyboard: Forcing relative x/y axes to exist.
[3002838.723] (II) evdev: Dell Dell USB Keyboard: Configuring as mouse
[3002838.723] (II) evdev: Dell Dell USB Keyboard: Configuring as keyboard
[3002838.723] (**) Option "config_info" "udev:/sys/devices/pci0000:00/0000:00:14.0/usb1/1-6/1-6.1/1-6.1:1.1/0003:413C:2010.0003/input/input9/event6"
[3002838.723] (II) XINPUT: Adding extended input device "Dell Dell USB Keyboard" (type: KEYBOARD, id 11)
[3002838.723] (**) Option "xkb_rules" "evdev"
[3002838.723] (**) Option "xkb_model" "pc105"
[3002838.723] (**) Option "xkb_layout" "de"
[3002838.723] (II) evdev: Dell Dell USB Keyboard: initialized for absolute axes.
[3002838.723] (**) Dell Dell USB Keyboard: (accel) keeping acceleration scheme 1
[3002838.723] (**) Dell Dell USB Keyboard: (accel) acceleration profile 0
[3002838.723] (**) Dell Dell USB Keyboard: (accel) acceleration factor: 2.000
[3002838.723] (**) Dell Dell USB Keyboard: (accel) acceleration threshold: 4
[3002838.724] (II) config/udev: Adding input device PixArt USB Optical Mouse (/dev/input/event4)
[3002838.724] (**) PixArt USB Optical Mouse: Applying InputClass "evdev pointer catchall"
[3002838.724] (II) Using input driver 'evdev' for 'PixArt USB Optical Mouse'
[3002838.724] (**) PixArt USB Optical Mouse: always reports core events
[3002838.724] (**) evdev: PixArt USB Optical Mouse: Device: "/dev/input/event4"
[3002838.780] (--) evdev: PixArt USB Optical Mouse: Vendor 0x461 Product 0x4e22
[3002838.780] (--) evdev: PixArt USB Optical Mouse: Found 12 mouse buttons
[3002838.780] (--) evdev: PixArt USB Optical Mouse: Found scroll wheel(s)
[3002838.780] (--) evdev: PixArt USB Optical Mouse: Found relative axes
[3002838.780] (--) evdev: PixArt USB Optical Mouse: Found x and y relative axes
[3002838.780] (II) evdev: PixArt USB Optical Mouse: Configuring as mouse
[3002838.780] (II) evdev: PixArt USB Optical Mouse: Adding scrollwheel support
[3002838.780] (**) evdev: PixArt USB Optical Mouse: YAxisMapping: buttons 4 and 5
[3002838.780] (**) evdev: PixArt USB Optical Mouse: EmulateWheelButton: 4, EmulateWheelInertia: 10, EmulateWheelTimeout: 200
[3002838.780] (**) Option "config_info" "udev:/sys/devices/pci0000:00/0000:00:14.0/usb1/1-7/1-7:1.0/0003:0461:4E22.0001/input/input7/event4"
[3002838.780] (II) XINPUT: Adding extended input device "PixArt USB Optical Mouse" (type: MOUSE, id 12)
[3002838.780] (II) evdev: PixArt USB Optical Mouse: initialized for relative axes.
[3002838.781] (**) PixArt USB Optical Mouse: (accel) keeping acceleration scheme 1
[3002838.781] (**) PixArt USB Optical Mouse: (accel) acceleration profile 0
[3002838.781] (**) PixArt USB Optical Mouse: (accel) acceleration factor: 2.000
[3002838.781] (**) PixArt USB Optical Mouse: (accel) acceleration threshold: 4
[3002838.782] (II) config/udev: Adding input device PixArt USB Optical Mouse (/dev/input/mouse0)
[3002838.782] (II) No input driver specified, ignoring this device.
[3002838.782] (II) This device may have been added with another device file.
[3002838.783] (II) config/udev: Adding input device HDA Intel PCH Front Mic (/dev/input/event11)
[3002838.783] (II) No input driver specified, ignoring this device.
[3002838.783] (II) This device may have been added with another device file.
[3002838.783] (II) config/udev: Adding input device HDA Intel PCH Rear Mic (/dev/input/event12)
[3002838.783] (II) No input driver specified, ignoring this device.
[3002838.783] (II) This device may have been added with another device file.
[3002838.784] (II) config/udev: Adding input device HDA Intel PCH Line (/dev/input/event13)
[3002838.784] (II) No input driver specified, ignoring this device.
[3002838.784] (II) This device may have been added with another device file.
[3002838.785] (II) config/udev: Adding input device HDA Intel PCH Line Out (/dev/input/event14)
[3002838.785] (II) No input driver specified, ignoring this device.
[3002838.785] (II) This device may have been added with another device file.
[3002838.786] (II) config/udev: Adding input device HDA Intel PCH Front Headphone (/dev/input/event15)
[3002838.786] (II) No input driver specified, ignoring this device.
[3002838.786] (II) This device may have been added with another device file.
[3002838.786] (II) config/udev: Adding input device HDA Intel PCH HDMI/DP,pcm=3 (/dev/input/event16)
[3002838.786] (II) No input driver specified, ignoring this device.
[3002838.786] (II) This device may have been added with another device file.
[3002838.787] (II) config/udev: Adding input device HDA Intel PCH HDMI/DP,pcm=7 (/dev/input/event17)
[3002838.787] (II) No input driver specified, ignoring this device.
[3002838.787] (II) This device may have been added with another device file.
[3002838.788] (II) config/udev: Adding input device HDA Intel PCH HDMI/DP,pcm=8 (/dev/input/event18)
[3002838.788] (II) No input driver specified, ignoring this device.
[3002838.788] (II) This device may have been added with another device file.
[3002838.878] (--) NVIDIA(GPU-0): DFP-0: disconnected
[3002838.878] (--) NVIDIA(GPU-0): DFP-0: Internal TMDS
[3002838.878] (--) NVIDIA(GPU-0): DFP-0: 330.0 MHz maximum pixel clock
[3002838.878] (--) NVIDIA(GPU-0): 
[3002838.878] (--) NVIDIA(GPU-0): DFP-1: disconnected
[3002838.878] (--) NVIDIA(GPU-0): DFP-1: Internal TMDS
[3002838.878] (--) NVIDIA(GPU-0): DFP-1: 165.0 MHz maximum pixel clock
[3002838.878] (--) NVIDIA(GPU-0): 
[3002838.878] (--) NVIDIA(GPU-0): DFP-2: disconnected
[3002838.878] (--) NVIDIA(GPU-0): DFP-2: Internal DisplayPort
[3002838.878] (--) NVIDIA(GPU-0): DFP-2: 960.0 MHz maximum pixel clock
[3002838.878] (--) NVIDIA(GPU-0): 
[3002838.878] (--) NVIDIA(GPU-0): DFP-3: disconnected
[3002838.878] (--) NVIDIA(GPU-0): DFP-3: Internal TMDS
[3002838.878] (--) NVIDIA(GPU-0): DFP-3: 165.0 MHz maximum pixel clock
[3002838.878] (--) NVIDIA(GPU-0): 
[3002838.879] (--) NVIDIA(GPU-0): DFP-4: disconnected
[3002838.879] (--) NVIDIA(GPU-0): DFP-4: Internal DisplayPort
[3002838.879] (--) NVIDIA(GPU-0): DFP-4: 960.0 MHz maximum pixel clock
[3002838.879] (--) NVIDIA(GPU-0): 
[3002838.879] (--) NVIDIA(GPU-0): DFP-5: disconnected
[3002838.879] (--) NVIDIA(GPU-0): DFP-5: Internal TMDS
[3002838.879] (--) NVIDIA(GPU-0): DFP-5: 165.0 MHz maximum pixel clock
[3002838.879] (--) NVIDIA(GPU-0): 
[3002838.879] (--) NVIDIA(GPU-0): DFP-6: disconnected
[3002838.879] (--) NVIDIA(GPU-0): DFP-6: Internal DisplayPort
[3002838.879] (--) NVIDIA(GPU-0): DFP-6: 960.0 MHz maximum pixel clock
[3002838.879] (--) NVIDIA(GPU-0): 
[3002838.879] (--) NVIDIA(GPU-0): DFP-7: disconnected
[3002838.879] (--) NVIDIA(GPU-0): DFP-7: Internal TMDS
[3002838.879] (--) NVIDIA(GPU-0): DFP-7: 165.0 MHz maximum pixel clock
[3002838.879] (--) NVIDIA(GPU-0): 
[3002838.901] (--) NVIDIA(GPU-0): DFP-0: disconnected
[3002838.901] (--) NVIDIA(GPU-0): DFP-0: Internal TMDS
[3002838.902] (--) NVIDIA(GPU-0): DFP-0: 330.0 MHz maximum pixel clock
[3002838.902] (--) NVIDIA(GPU-0): 
[3002838.902] (--) NVIDIA(GPU-0): DFP-1: disconnected
[3002838.902] (--) NVIDIA(GPU-0): DFP-1: Internal TMDS
[3002838.902] (--) NVIDIA(GPU-0): DFP-1: 165.0 MHz maximum pixel clock
[3002838.902] (--) NVIDIA(GPU-0): 
[3002838.902] (--) NVIDIA(GPU-0): DFP-2: disconnected
[3002838.902] (--) NVIDIA(GPU-0): DFP-2: Internal DisplayPort
[3002838.902] (--) NVIDIA(GPU-0): DFP-2: 960.0 MHz maximum pixel clock
[3002838.902] (--) NVIDIA(GPU-0): 
[3002838.902] (--) NVIDIA(GPU-0): DFP-3: disconnected
[3002838.902] (--) NVIDIA(GPU-0): DFP-3: Internal TMDS
[3002838.902] (--) NVIDIA(GPU-0): DFP-3: 165.0 MHz maximum pixel clock
[3002838.902] (--) NVIDIA(GPU-0): 
[3002838.902] (--) NVIDIA(GPU-0): DFP-4: disconnected
[3002838.902] (--) NVIDIA(GPU-0): DFP-4: Internal DisplayPort
[3002838.902] (--) NVIDIA(GPU-0): DFP-4: 960.0 MHz maximum pixel clock
[3002838.902] (--) NVIDIA(GPU-0): 
[3002838.902] (--) NVIDIA(GPU-0): DFP-5: disconnected
[3002838.902] (--) NVIDIA(GPU-0): DFP-5: Internal TMDS
[3002838.902] (--) NVIDIA(GPU-0): DFP-5: 165.0 MHz maximum pixel clock
[3002838.902] (--) NVIDIA(GPU-0): 
[3002838.902] (--) NVIDIA(GPU-0): DFP-6: disconnected
[3002838.902] (--) NVIDIA(GPU-0): DFP-6: Internal DisplayPort
[3002838.902] (--) NVIDIA(GPU-0): DFP-6: 960.0 MHz maximum pixel clock
[3002838.902] (--) NVIDIA(GPU-0): 
[3002838.903] (--) NVIDIA(GPU-0): DFP-7: disconnected
[3002838.903] (--) NVIDIA(GPU-0): DFP-7: Internal TMDS
[3002838.903] (--) NVIDIA(GPU-0): DFP-7: 165.0 MHz maximum pixel clock
[3002838.903] (--) NVIDIA(GPU-0): 
[3002838.906] (--) NVIDIA(GPU-0): DFP-0: disconnected
[3002838.906] (--) NVIDIA(GPU-0): DFP-0: Internal TMDS
[3002838.906] (--) NVIDIA(GPU-0): DFP-0: 330.0 MHz maximum pixel clock
[3002838.906] (--) NVIDIA(GPU-0): 
[3002838.906] (--) NVIDIA(GPU-0): DFP-1: disconnected
[3002838.906] (--) NVIDIA(GPU-0): DFP-1: Internal TMDS
[3002838.906] (--) NVIDIA(GPU-0): DFP-1: 165.0 MHz maximum pixel clock
[3002838.906] (--) NVIDIA(GPU-0): 
[3002838.906] (--) NVIDIA(GPU-0): DFP-2: disconnected
[3002838.906] (--) NVIDIA(GPU-0): DFP-2: Internal DisplayPort
[3002838.906] (--) NVIDIA(GPU-0): DFP-2: 960.0 MHz maximum pixel clock
[3002838.906] (--) NVIDIA(GPU-0): 
[3002838.906] (--) NVIDIA(GPU-0): DFP-3: disconnected
[3002838.907] (--) NVIDIA(GPU-0): DFP-3: Internal TMDS
[3002838.907] (--) NVIDIA(GPU-0): DFP-3: 165.0 MHz maximum pixel clock
[3002838.907] (--) NVIDIA(GPU-0): 
[3002838.907] (--) NVIDIA(GPU-0): DFP-4: disconnected
[3002838.907] (--) NVIDIA(GPU-0): DFP-4: Internal DisplayPort
[3002838.907] (--) NVIDIA(GPU-0): DFP-4: 960.0 MHz maximum pixel clock
[3002838.907] (--) NVIDIA(GPU-0): 
[3002838.907] (--) NVIDIA(GPU-0): DFP-5: disconnected
[3002838.907] (--) NVIDIA(GPU-0): DFP-5: Internal TMDS
[3002838.907] (--) NVIDIA(GPU-0): DFP-5: 165.0 MHz maximum pixel clock
[3002838.907] (--) NVIDIA(GPU-0): 
[3002838.907] (--) NVIDIA(GPU-0): DFP-6: disconnected
[3002838.907] (--) NVIDIA(GPU-0): DFP-6: Internal DisplayPort
[3002838.907] (--) NVIDIA(GPU-0): DFP-6: 960.0 MHz maximum pixel clock
[3002838.907] (--) NVIDIA(GPU-0): 
[3002838.907] (--) NVIDIA(GPU-0): DFP-7: disconnected
[3002838.907] (--) NVIDIA(GPU-0): DFP-7: Internal TMDS
[3002838.907] (--) NVIDIA(GPU-0): DFP-7: 165.0 MHz maximum pixel clock
[3002838.907] (--) NVIDIA(GPU-0): 
[3002838.922] (--) NVIDIA(GPU-0): DFP-0: disconnected
[3002838.922] (--) NVIDIA(GPU-0): DFP-0: Internal TMDS
[3002838.922] (--) NVIDIA(GPU-0): DFP-0: 330.0 MHz maximum pixel clock
[3002838.922] (--) NVIDIA(GPU-0): 
[3002838.922] (--) NVIDIA(GPU-0): DFP-1: disconnected
[3002838.922] (--) NVIDIA(GPU-0): DFP-1: Internal TMDS
[3002838.922] (--) NVIDIA(GPU-0): DFP-1: 165.0 MHz maximum pixel clock
[3002838.922] (--) NVIDIA(GPU-0): 
[3002838.922] (--) NVIDIA(GPU-0): DFP-2: disconnected
[3002838.922] (--) NVIDIA(GPU-0): DFP-2: Internal DisplayPort
[3002838.922] (--) NVIDIA(GPU-0): DFP-2: 960.0 MHz maximum pixel clock
[3002838.922] (--) NVIDIA(GPU-0): 
[3002838.922] (--) NVIDIA(GPU-0): DFP-3: disconnected
[3002838.922] (--) NVIDIA(GPU-0): DFP-3: Internal TMDS
[3002838.922] (--) NVIDIA(GPU-0): DFP-3: 165.0 MHz maximum pixel clock
[3002838.922] (--) NVIDIA(GPU-0): 
[3002838.922] (--) NVIDIA(GPU-0): DFP-4: disconnected
[3002838.922] (--) NVIDIA(GPU-0): DFP-4: Internal DisplayPort
[3002838.922] (--) NVIDIA(GPU-0): DFP-4: 960.0 MHz maximum pixel clock
[3002838.922] (--) NVIDIA(GPU-0): 
[3002838.923] (--) NVIDIA(GPU-0): DFP-5: disconnected
[3002838.923] (--) NVIDIA(GPU-0): DFP-5: Internal TMDS
[3002838.923] (--) NVIDIA(GPU-0): DFP-5: 165.0 MHz maximum pixel clock
[3002838.923] (--) NVIDIA(GPU-0): 
[3002838.923] (--) NVIDIA(GPU-0): DFP-6: disconnected
[3002838.923] (--) NVIDIA(GPU-0): DFP-6: Internal DisplayPort
[3002838.923] (--) NVIDIA(GPU-0): DFP-6: 960.0 MHz maximum pixel clock
[3002838.923] (--) NVIDIA(GPU-0): 
[3002838.923] (--) NVIDIA(GPU-0): DFP-7: disconnected
[3002838.923] (--) NVIDIA(GPU-0): DFP-7: Internal TMDS
[3002838.923] (--) NVIDIA(GPU-0): DFP-7: 165.0 MHz maximum pixel clock
[3002838.923] (--) NVIDIA(GPU-0): 
[3002838.961] (--) NVIDIA(GPU-0): DFP-0: disconnected
[3002838.961] (--) NVIDIA(GPU-0): DFP-0: Internal TMDS
[3002838.961] (--) NVIDIA(GPU-0): DFP-0: 330.0 MHz maximum pixel clock
[3002838.961] (--) NVIDIA(GPU-0): 
[3002838.962] (--) NVIDIA(GPU-0): DFP-1: disconnected
[3002838.962] (--) NVIDIA(GPU-0): DFP-1: Internal TMDS
[3002838.962] (--) NVIDIA(GPU-0): DFP-1: 165.0 MHz maximum pixel clock
[3002838.962] (--) NVIDIA(GPU-0): 
[3002838.962] (--) NVIDIA(GPU-0): DFP-2: disconnected
[3002838.962] (--) NVIDIA(GPU-0): DFP-2: Internal DisplayPort
[3002838.962] (--) NVIDIA(GPU-0): DFP-2: 960.0 MHz maximum pixel clock
[3002838.962] (--) NVIDIA(GPU-0): 
[3002838.962] (--) NVIDIA(GPU-0): DFP-3: disconnected
[3002838.962] (--) NVIDIA(GPU-0): DFP-3: Internal TMDS
[3002838.962] (--) NVIDIA(GPU-0): DFP-3: 165.0 MHz maximum pixel clock
[3002838.962] (--) NVIDIA(GPU-0): 
[3002838.962] (--) NVIDIA(GPU-0): DFP-4: disconnected
[3002838.962] (--) NVIDIA(GPU-0): DFP-4: Internal DisplayPort
[3002838.962] (--) NVIDIA(GPU-0): DFP-4: 960.0 MHz maximum pixel clock
[3002838.962] (--) NVIDIA(GPU-0): 
[3002838.962] (--) NVIDIA(GPU-0): DFP-5: disconnected
[3002838.962] (--) NVIDIA(GPU-0): DFP-5: Internal TMDS
[3002838.962] (--) NVIDIA(GPU-0): DFP-5: 165.0 MHz maximum pixel clock
[3002838.962] (--) NVIDIA(GPU-0): 
[3002838.962] (--) NVIDIA(GPU-0): DFP-6: disconnected
[3002838.962] (--) NVIDIA(GPU-0): DFP-6: Internal DisplayPort
[3002838.962] (--) NVIDIA(GPU-0): DFP-6: 960.0 MHz maximum pixel clock
[3002838.962] (--) NVIDIA(GPU-0): 
[3002838.962] (--) NVIDIA(GPU-0): DFP-7: disconnected
[3002838.962] (--) NVIDIA(GPU-0): DFP-7: Internal TMDS
[3002838.962] (--) NVIDIA(GPU-0): DFP-7: 165.0 MHz maximum pixel clock
[3002838.962] (--) NVIDIA(GPU-0): 
[3002838.965] (--) NVIDIA(GPU-0): DFP-0: disconnected
[3002838.965] (--) NVIDIA(GPU-0): DFP-0: Internal TMDS
[3002838.965] (--) NVIDIA(GPU-0): DFP-0: 330.0 MHz maximum pixel clock
[3002838.965] (--) NVIDIA(GPU-0): 
[3002838.965] (--) NVIDIA(GPU-0): DFP-1: disconnected
[3002838.965] (--) NVIDIA(GPU-0): DFP-1: Internal TMDS
[3002838.965] (--) NVIDIA(GPU-0): DFP-1: 165.0 MHz maximum pixel clock
[3002838.965] (--) NVIDIA(GPU-0): 
[3002838.965] (--) NVIDIA(GPU-0): DFP-2: disconnected
[3002838.965] (--) NVIDIA(GPU-0): DFP-2: Internal DisplayPort
[3002838.965] (--) NVIDIA(GPU-0): DFP-2: 960.0 MHz maximum pixel clock
[3002838.965] (--) NVIDIA(GPU-0): 
[3002838.965] (--) NVIDIA(GPU-0): DFP-3: disconnected
[3002838.965] (--) NVIDIA(GPU-0): DFP-3: Internal TMDS
[3002838.965] (--) NVIDIA(GPU-0): DFP-3: 165.0 MHz maximum pixel clock
[3002838.965] (--) NVIDIA(GPU-0): 
[3002838.965] (--) NVIDIA(GPU-0): DFP-4: disconnected
[3002838.965] (--) NVIDIA(GPU-0): DFP-4: Internal DisplayPort
[3002838.965] (--) NVIDIA(GPU-0): DFP-4: 960.0 MHz maximum pixel clock
[3002838.965] (--) NVIDIA(GPU-0): 
[3002838.965] (--) NVIDIA(GPU-0): DFP-5: disconnected
[3002838.965] (--) NVIDIA(GPU-0): DFP-5: Internal TMDS
[3002838.965] (--) NVIDIA(GPU-0): DFP-5: 165.0 MHz maximum pixel clock
[3002838.965] (--) NVIDIA(GPU-0): 
[3002838.965] (--) NVIDIA(GPU-0): DFP-6: disconnected
[3002838.965] (--) NVIDIA(GPU-0): DFP-6: Internal DisplayPort
[3002838.965] (--) NVIDIA(GPU-0): DFP-6: 960.0 MHz maximum pixel clock
[3002838.965] (--) NVIDIA(GPU-0): 
[3002838.965] (--) NVIDIA(GPU-0): DFP-7: disconnected
[3002838.965] (--) NVIDIA(GPU-0): DFP-7: Internal TMDS
[3002838.965] (--) NVIDIA(GPU-0): DFP-7: 165.0 MHz maximum pixel clock
[3002838.965] (--) NVIDIA(GPU-0): 
